[0.007s] Invoking command in '/home/ljm/catkin_ws/build/driver_msgs': CMAKE_PREFIX_PATH=/opt/ros/humble /usr/bin/cmake /home/ljm/catkin_ws/src/driver_msgs -DCMAKE_INSTALL_PREFIX=/home/ljm/catkin_ws/install/driver_msgs
[0.019s] -- Found ament_cmake: 1.3.11 (/opt/ros/humble/share/ament_cmake/cmake)
[0.111s] -- Found rosidl_default_generators: 1.2.0 (/opt/ros/humble/share/rosidl_default_generators/cmake)
[0.114s] -- Using all available rosidl_typesupport_c: rosidl_typesupport_fastrtps_c;rosidl_typesupport_introspection_c
[0.114s] -- Found rosidl_adapter: 3.1.6 (/opt/ros/humble/share/rosidl_adapter/cmake)
[0.141s] -- Using all available rosidl_typesupport_cpp: rosidl_typesupport_fastrtps_cpp;rosidl_typesupport_introspection_cpp
[0.156s] -- Found geometry_msgs: 4.8.0 (/opt/ros/humble/share/geometry_msgs/cmake)
[0.384s] -- Found ament_cmake_ros: 0.10.0 (/opt/ros/humble/share/ament_cmake_ros/cmake)
[0.574s] -- Using all available rosidl_typesupport_c: rosidl_typesupport_fastrtps_c;rosidl_typesupport_introspection_c
[0.838s] -- Using all available rosidl_typesupport_cpp: rosidl_typesupport_fastrtps_cpp;rosidl_typesupport_introspection_cpp
[0.856s] -- Found PythonInterp: /usr/bin/python3 (found suitable version "3.10.12", minimum required is "3.6") 
[0.858s] -- Found python_cmake_module: 0.10.0 (/opt/ros/humble/share/python_cmake_module/cmake)
[0.876s] -- Found PythonLibs: /usr/lib/x86_64-linux-gnu/libpython3.10.so (found suitable version "3.10.12", minimum required is "3.5") 
[0.876s] -- Using PYTHON_EXECUTABLE: /usr/bin/python3
[0.876s] -- Using PYTHON_INCLUDE_DIRS: /usr/include/python3.10
[0.876s] -- Using PYTHON_LIBRARIES: /usr/lib/x86_64-linux-gnu/libpython3.10.so
[0.891s] -- Found PythonExtra: .so  
[0.938s] -- Found ament_lint_auto: 0.12.12 (/opt/ros/humble/share/ament_lint_auto/cmake)
[0.948s] -- Added test 'lint_cmake' to check CMake code style
[0.949s] -- Added test 'xmllint' to check XML markup files
[0.951s] -- Configuring done
[0.976s] -- Generating done
[0.984s] -- Build files have been written to: /home/ljm/catkin_ws/build/driver_msgs
[0.991s] Invoked command in '/home/ljm/catkin_ws/build/driver_msgs' returned '0': CMAKE_PREFIX_PATH=/opt/ros/humble /usr/bin/cmake /home/ljm/catkin_ws/src/driver_msgs -DCMAKE_INSTALL_PREFIX=/home/ljm/catkin_ws/install/driver_msgs
[0.991s] Invoking command in '/home/ljm/catkin_ws/build/driver_msgs': CMAKE_PREFIX_PATH=/opt/ros/humble /usr/bin/cmake --build /home/ljm/catkin_ws/build/driver_msgs -- -j14 -l14
[1.026s] [  3%] [34m[1mGenerating C code for ROS interfaces[0m
[1.034s] [  6%] [34m[1mGenerating C++ code for ROS interfaces[0m
[1.041s] [  6%] Built target ament_cmake_python_copy_driver_msgs
[1.217s] [  6%] Built target driver_msgs__cpp
[1.227s] [ 12%] [34m[1mGenerating C++ type support dispatch for ROS interfaces[0m
[1.227s] [ 12%] [34m[1mGenerating C++ introspection for ROS interfaces[0m
[1.233s] [ 16%] [34m[1mGenerating C++ type support for eProsima Fast-RTPS[0m
[1.233s] [ 19%] [32mBuilding C object CMakeFiles/driver_msgs__rosidl_generator_c.dir/rosidl_generator_c/driver_msgs/msg/detail/target__functions.c.o[0m
[1.239s] running egg_info
[1.239s] creating driver_msgs.egg-info
[1.239s] writing driver_msgs.egg-info/PKG-INFO
[1.240s] writing dependency_links to driver_msgs.egg-info/dependency_links.txt
[1.240s] writing top-level names to driver_msgs.egg-info/top_level.txt
[1.241s] writing manifest file 'driver_msgs.egg-info/SOURCES.txt'
[1.243s] reading manifest file 'driver_msgs.egg-info/SOURCES.txt'
[1.243s] writing manifest file 'driver_msgs.egg-info/SOURCES.txt'
[1.270s] [ 19%] Built target ament_cmake_python_build_driver_msgs_egg
[1.277s] [ 22%] [32m[1mLinking C shared library libdriver_msgs__rosidl_generator_c.so[0m
[1.309s] [ 22%] Built target driver_msgs__rosidl_generator_c
[1.318s] [ 25%] [34m[1mGenerating C introspection for ROS interfaces[0m
[1.318s] [ 32%] [34m[1mGenerating C type support for eProsima Fast-RTPS[0m
[1.318s] [ 32%] [34m[1mGenerating C type support dispatch for ROS interfaces[0m
[1.422s] [ 35%] [32mBuilding CXX object CMakeFiles/driver_msgs__rosidl_typesupport_cpp.dir/rosidl_typesupport_cpp/driver_msgs/msg/target__type_support.cpp.o[0m
[1.424s] [ 38%] [32mBuilding CXX object CMakeFiles/driver_msgs__rosidl_typesupport_introspection_cpp.dir/rosidl_typesupport_introspection_cpp/driver_msgs/msg/detail/target__type_support.cpp.o[0m
[1.456s] [ 41%] [32mBuilding CXX object CMakeFiles/driver_msgs__rosidl_typesupport_fastrtps_cpp.dir/rosidl_typesupport_fastrtps_cpp/driver_msgs/msg/detail/dds_fastrtps/target__type_support.cpp.o[0m
[1.511s] [ 45%] [32mBuilding CXX object CMakeFiles/driver_msgs__rosidl_typesupport_c.dir/rosidl_typesupport_c/driver_msgs/msg/target__type_support.cpp.o[0m
[1.517s] [ 48%] [32mBuilding CXX object CMakeFiles/driver_msgs__rosidl_typesupport_fastrtps_c.dir/rosidl_typesupport_fastrtps_c/driver_msgs/msg/detail/target__type_support_c.cpp.o[0m
[1.521s] [ 51%] [32mBuilding C object CMakeFiles/driver_msgs__rosidl_typesupport_introspection_c.dir/rosidl_typesupport_introspection_c/driver_msgs/msg/detail/target__type_support.c.o[0m
[1.550s] [ 54%] [32m[1mLinking CXX shared library libdriver_msgs__rosidl_typesupport_c.so[0m
[1.558s] [ 58%] [32m[1mLinking C shared library libdriver_msgs__rosidl_typesupport_introspection_c.so[0m
[1.587s] [ 58%] Built target driver_msgs__rosidl_typesupport_c
[1.589s] [ 58%] Built target driver_msgs__rosidl_typesupport_introspection_c
[1.649s] [ 61%] [32m[1mLinking CXX shared library libdriver_msgs__rosidl_typesupport_cpp.so[0m
[1.692s] [ 61%] Built target driver_msgs__rosidl_typesupport_cpp
[1.741s] [ 64%] [32m[1mLinking CXX shared library libdriver_msgs__rosidl_typesupport_introspection_cpp.so[0m
[1.795s] [ 67%] [32m[1mLinking CXX shared library libdriver_msgs__rosidl_typesupport_fastrtps_cpp.so[0m
[1.795s] [ 67%] Built target driver_msgs__rosidl_typesupport_introspection_cpp
[1.811s] [ 70%] [32m[1mLinking CXX shared library libdriver_msgs__rosidl_typesupport_fastrtps_c.so[0m
[1.853s] [ 70%] Built target driver_msgs__rosidl_typesupport_fastrtps_cpp
[1.874s] [ 70%] Built target driver_msgs__rosidl_typesupport_fastrtps_c
[1.890s] [ 70%] Built target driver_msgs
[1.905s] [ 74%] [34m[1mGenerating Python code for ROS interfaces[0m
[2.108s] [ 74%] Built target driver_msgs__py
[2.123s] [ 77%] [32mBuilding C object CMakeFiles/driver_msgs__rosidl_generator_py.dir/rosidl_generator_py/driver_msgs/msg/_target_s.c.o[0m
[2.206s] [ 80%] [32m[1mLinking C shared library rosidl_generator_py/driver_msgs/libdriver_msgs__rosidl_generator_py.so[0m
[2.248s] [ 80%] Built target driver_msgs__rosidl_generator_py
[2.266s] [ 83%] [32mBuilding C object CMakeFiles/driver_msgs__rosidl_typesupport_introspection_c__pyext.dir/rosidl_generator_py/driver_msgs/_driver_msgs_s.ep.rosidl_typesupport_introspection_c.c.o[0m
[2.266s] [ 87%] [32mBuilding C object CMakeFiles/driver_msgs__rosidl_typesupport_c__pyext.dir/rosidl_generator_py/driver_msgs/_driver_msgs_s.ep.rosidl_typesupport_c.c.o[0m
[2.266s] [ 90%] [32mBuilding C object CMakeFiles/driver_msgs__rosidl_typesupport_fastrtps_c__pyext.dir/rosidl_generator_py/driver_msgs/_driver_msgs_s.ep.rosidl_typesupport_fastrtps_c.c.o[0m
[2.356s] [ 93%] [32m[1mLinking C shared library rosidl_generator_py/driver_msgs/driver_msgs_s__rosidl_typesupport_c.cpython-310-x86_64-linux-gnu.so[0m
[2.356s] [ 96%] [32m[1mLinking C shared library rosidl_generator_py/driver_msgs/driver_msgs_s__rosidl_typesupport_fastrtps_c.cpython-310-x86_64-linux-gnu.so[0m
[2.359s] [100%] [32m[1mLinking C shared library rosidl_generator_py/driver_msgs/driver_msgs_s__rosidl_typesupport_introspection_c.cpython-310-x86_64-linux-gnu.so[0m
[2.391s] [100%] Built target driver_msgs__rosidl_typesupport_fastrtps_c__pyext
[2.393s] [100%] Built target driver_msgs__rosidl_typesupport_introspection_c__pyext
[2.394s] [100%] Built target driver_msgs__rosidl_typesupport_c__pyext
[2.402s] Invoked command in '/home/ljm/catkin_ws/build/driver_msgs' returned '0': CMAKE_PREFIX_PATH=/opt/ros/humble /usr/bin/cmake --build /home/ljm/catkin_ws/build/driver_msgs -- -j14 -l14
[2.410s] Invoking command in '/home/ljm/catkin_ws/build/driver_msgs': CMAKE_PREFIX_PATH=/opt/ros/humble /usr/bin/cmake --install /home/ljm/catkin_ws/build/driver_msgs
[2.415s] -- Install configuration: ""
[2.416s] -- Installing: /home/ljm/catkin_ws/install/driver_msgs/share/ament_index/resource_index/rosidl_interfaces/driver_msgs
[2.416s] -- Installing: /home/ljm/catkin_ws/install/driver_msgs/include/driver_msgs/driver_msgs
[2.416s] -- Installing: /home/ljm/catkin_ws/install/driver_msgs/include/driver_msgs/driver_msgs/msg
[2.416s] -- Installing: /home/ljm/catkin_ws/install/driver_msgs/include/driver_msgs/driver_msgs/msg/rosidl_generator_c__visibility_control.h
[2.416s] -- Installing: /home/ljm/catkin_ws/install/driver_msgs/include/driver_msgs/driver_msgs/msg/target.h
[2.417s] -- Installing: /home/ljm/catkin_ws/install/driver_msgs/include/driver_msgs/driver_msgs/msg/detail
[2.417s] -- Installing: /home/ljm/catkin_ws/install/driver_msgs/include/driver_msgs/driver_msgs/msg/detail/target__struct.h
[2.417s] -- Installing: /home/ljm/catkin_ws/install/driver_msgs/include/driver_msgs/driver_msgs/msg/detail/target__functions.c
[2.417s] -- Installing: /home/ljm/catkin_ws/install/driver_msgs/include/driver_msgs/driver_msgs/msg/detail/target__type_support.h
[2.417s] -- Installing: /home/ljm/catkin_ws/install/driver_msgs/include/driver_msgs/driver_msgs/msg/detail/target__functions.h
[2.417s] -- Installing: /home/ljm/catkin_ws/install/driver_msgs/share/driver_msgs/environment/library_path.sh
[2.417s] -- Installing: /home/ljm/catkin_ws/install/driver_msgs/share/driver_msgs/environment/library_path.dsv
[2.417s] -- Installing: /home/ljm/catkin_ws/install/driver_msgs/lib/libdriver_msgs__rosidl_generator_c.so
[2.417s] -- Set runtime path of "/home/ljm/catkin_ws/install/driver_msgs/lib/libdriver_msgs__rosidl_generator_c.so" to ""
[2.417s] -- Up-to-date: /home/ljm/catkin_ws/install/driver_msgs/include/driver_msgs/driver_msgs
[2.417s] -- Up-to-date: /home/ljm/catkin_ws/install/driver_msgs/include/driver_msgs/driver_msgs/msg
[2.417s] -- Up-to-date: /home/ljm/catkin_ws/install/driver_msgs/include/driver_msgs/driver_msgs/msg/detail
[2.417s] -- Installing: /home/ljm/catkin_ws/install/driver_msgs/include/driver_msgs/driver_msgs/msg/detail/target__rosidl_typesupport_fastrtps_c.h
[2.417s] -- Installing: /home/ljm/catkin_ws/install/driver_msgs/include/driver_msgs/driver_msgs/msg/rosidl_typesupport_fastrtps_c__visibility_control.h
[2.417s] -- Installing: /home/ljm/catkin_ws/install/driver_msgs/lib/libdriver_msgs__rosidl_typesupport_fastrtps_c.so
[2.418s] -- Set runtime path of "/home/ljm/catkin_ws/install/driver_msgs/lib/libdriver_msgs__rosidl_typesupport_fastrtps_c.so" to ""
[2.418s] -- Up-to-date: /home/ljm/catkin_ws/install/driver_msgs/include/driver_msgs/driver_msgs
[2.418s] -- Up-to-date: /home/ljm/catkin_ws/install/driver_msgs/include/driver_msgs/driver_msgs/msg
[2.418s] -- Installing: /home/ljm/catkin_ws/install/driver_msgs/include/driver_msgs/driver_msgs/msg/rosidl_typesupport_introspection_c__visibility_control.h
[2.418s] -- Up-to-date: /home/ljm/catkin_ws/install/driver_msgs/include/driver_msgs/driver_msgs/msg/detail
[2.418s] -- Installing: /home/ljm/catkin_ws/install/driver_msgs/include/driver_msgs/driver_msgs/msg/detail/target__rosidl_typesupport_introspection_c.h
[2.418s] -- Installing: /home/ljm/catkin_ws/install/driver_msgs/include/driver_msgs/driver_msgs/msg/detail/target__type_support.c
[2.418s] -- Installing: /home/ljm/catkin_ws/install/driver_msgs/lib/libdriver_msgs__rosidl_typesupport_introspection_c.so
[2.418s] -- Set runtime path of "/home/ljm/catkin_ws/install/driver_msgs/lib/libdriver_msgs__rosidl_typesupport_introspection_c.so" to ""
[2.418s] -- Installing: /home/ljm/catkin_ws/install/driver_msgs/lib/libdriver_msgs__rosidl_typesupport_c.so
[2.418s] -- Set runtime path of "/home/ljm/catkin_ws/install/driver_msgs/lib/libdriver_msgs__rosidl_typesupport_c.so" to ""
[2.418s] -- Up-to-date: /home/ljm/catkin_ws/install/driver_msgs/include/driver_msgs/driver_msgs
[2.418s] -- Up-to-date: /home/ljm/catkin_ws/install/driver_msgs/include/driver_msgs/driver_msgs/msg
[2.418s] -- Installing: /home/ljm/catkin_ws/install/driver_msgs/include/driver_msgs/driver_msgs/msg/target.hpp
[2.418s] -- Installing: /home/ljm/catkin_ws/install/driver_msgs/include/driver_msgs/driver_msgs/msg/rosidl_generator_cpp__visibility_control.hpp
[2.419s] -- Up-to-date: /home/ljm/catkin_ws/install/driver_msgs/include/driver_msgs/driver_msgs/msg/detail
[2.419s] -- Installing: /home/ljm/catkin_ws/install/driver_msgs/include/driver_msgs/driver_msgs/msg/detail/target__builder.hpp
[2.419s] -- Installing: /home/ljm/catkin_ws/install/driver_msgs/include/driver_msgs/driver_msgs/msg/detail/target__struct.hpp
[2.419s] -- Installing: /home/ljm/catkin_ws/install/driver_msgs/include/driver_msgs/driver_msgs/msg/detail/target__type_support.hpp
[2.419s] -- Installing: /home/ljm/catkin_ws/install/driver_msgs/include/driver_msgs/driver_msgs/msg/detail/target__traits.hpp
[2.419s] -- Up-to-date: /home/ljm/catkin_ws/install/driver_msgs/include/driver_msgs/driver_msgs
[2.419s] -- Up-to-date: /home/ljm/catkin_ws/install/driver_msgs/include/driver_msgs/driver_msgs/msg
[2.419s] -- Up-to-date: /home/ljm/catkin_ws/install/driver_msgs/include/driver_msgs/driver_msgs/msg/detail
[2.419s] -- Installing: /home/ljm/catkin_ws/install/driver_msgs/include/driver_msgs/driver_msgs/msg/detail/target__rosidl_typesupport_fastrtps_cpp.hpp
[2.419s] -- Installing: /home/ljm/catkin_ws/install/driver_msgs/include/driver_msgs/driver_msgs/msg/detail/dds_fastrtps
[2.419s] -- Installing: /home/ljm/catkin_ws/install/driver_msgs/include/driver_msgs/driver_msgs/msg/rosidl_typesupport_fastrtps_cpp__visibility_control.h
[2.419s] -- Installing: /home/ljm/catkin_ws/install/driver_msgs/lib/libdriver_msgs__rosidl_typesupport_fastrtps_cpp.so
[2.420s] -- Set runtime path of "/home/ljm/catkin_ws/install/driver_msgs/lib/libdriver_msgs__rosidl_typesupport_fastrtps_cpp.so" to ""
[2.420s] -- Up-to-date: /home/ljm/catkin_ws/install/driver_msgs/include/driver_msgs/driver_msgs
[2.420s] -- Up-to-date: /home/ljm/catkin_ws/install/driver_msgs/include/driver_msgs/driver_msgs/msg
[2.420s] -- Up-to-date: /home/ljm/catkin_ws/install/driver_msgs/include/driver_msgs/driver_msgs/msg/detail
[2.420s] -- Installing: /home/ljm/catkin_ws/install/driver_msgs/include/driver_msgs/driver_msgs/msg/detail/target__rosidl_typesupport_introspection_cpp.hpp
[2.420s] -- Installing: /home/ljm/catkin_ws/install/driver_msgs/include/driver_msgs/driver_msgs/msg/detail/target__type_support.cpp
[2.420s] -- Installing: /home/ljm/catkin_ws/install/driver_msgs/lib/libdriver_msgs__rosidl_typesupport_introspection_cpp.so
[2.420s] -- Set runtime path of "/home/ljm/catkin_ws/install/driver_msgs/lib/libdriver_msgs__rosidl_typesupport_introspection_cpp.so" to ""
[2.420s] -- Installing: /home/ljm/catkin_ws/install/driver_msgs/lib/libdriver_msgs__rosidl_typesupport_cpp.so
[2.420s] -- Set runtime path of "/home/ljm/catkin_ws/install/driver_msgs/lib/libdriver_msgs__rosidl_typesupport_cpp.so" to ""
[2.420s] -- Installing: /home/ljm/catkin_ws/install/driver_msgs/share/driver_msgs/environment/pythonpath.sh
[2.420s] -- Installing: /home/ljm/catkin_ws/install/driver_msgs/share/driver_msgs/environment/pythonpath.dsv
[2.421s] -- Installing: /home/ljm/catkin_ws/install/driver_msgs/local/lib/python3.10/dist-packages/driver_msgs-0.0.0-py3.10.egg-info
[2.421s] -- Installing: /home/ljm/catkin_ws/install/driver_msgs/local/lib/python3.10/dist-packages/driver_msgs-0.0.0-py3.10.egg-info/SOURCES.txt
[2.421s] -- Installing: /home/ljm/catkin_ws/install/driver_msgs/local/lib/python3.10/dist-packages/driver_msgs-0.0.0-py3.10.egg-info/dependency_links.txt
[2.421s] -- Installing: /home/ljm/catkin_ws/install/driver_msgs/local/lib/python3.10/dist-packages/driver_msgs-0.0.0-py3.10.egg-info/top_level.txt
[2.421s] -- Installing: /home/ljm/catkin_ws/install/driver_msgs/local/lib/python3.10/dist-packages/driver_msgs-0.0.0-py3.10.egg-info/PKG-INFO
[2.421s] -- Installing: /home/ljm/catkin_ws/install/driver_msgs/local/lib/python3.10/dist-packages/driver_msgs
[2.421s] -- Installing: /home/ljm/catkin_ws/install/driver_msgs/local/lib/python3.10/dist-packages/driver_msgs/_driver_msgs_s.ep.rosidl_typesupport_fastrtps_c.c
[2.421s] -- Installing: /home/ljm/catkin_ws/install/driver_msgs/local/lib/python3.10/dist-packages/driver_msgs/driver_msgs_s__rosidl_typesupport_fastrtps_c.cpython-310-x86_64-linux-gnu.so
[2.421s] -- Installing: /home/ljm/catkin_ws/install/driver_msgs/local/lib/python3.10/dist-packages/driver_msgs/driver_msgs_s__rosidl_typesupport_c.cpython-310-x86_64-linux-gnu.so
[2.421s] -- Installing: /home/ljm/catkin_ws/install/driver_msgs/local/lib/python3.10/dist-packages/driver_msgs/driver_msgs_s__rosidl_typesupport_introspection_c.cpython-310-x86_64-linux-gnu.so
[2.421s] -- Installing: /home/ljm/catkin_ws/install/driver_msgs/local/lib/python3.10/dist-packages/driver_msgs/_driver_msgs_s.ep.rosidl_typesupport_introspection_c.c
[2.421s] -- Installing: /home/ljm/catkin_ws/install/driver_msgs/local/lib/python3.10/dist-packages/driver_msgs/__init__.py
[2.421s] -- Installing: /home/ljm/catkin_ws/install/driver_msgs/local/lib/python3.10/dist-packages/driver_msgs/msg
[2.421s] -- Installing: /home/ljm/catkin_ws/install/driver_msgs/local/lib/python3.10/dist-packages/driver_msgs/msg/_target.py
[2.422s] -- Installing: /home/ljm/catkin_ws/install/driver_msgs/local/lib/python3.10/dist-packages/driver_msgs/msg/_target_s.c
[2.422s] -- Installing: /home/ljm/catkin_ws/install/driver_msgs/local/lib/python3.10/dist-packages/driver_msgs/msg/__init__.py
[2.422s] -- Installing: /home/ljm/catkin_ws/install/driver_msgs/local/lib/python3.10/dist-packages/driver_msgs/_driver_msgs_s.ep.rosidl_typesupport_c.c
[2.422s] -- Installing: /home/ljm/catkin_ws/install/driver_msgs/local/lib/python3.10/dist-packages/driver_msgs/libdriver_msgs__rosidl_generator_py.so
[2.449s] Listing '/home/ljm/catkin_ws/install/driver_msgs/local/lib/python3.10/dist-packages/driver_msgs'...
[2.449s] Compiling '/home/ljm/catkin_ws/install/driver_msgs/local/lib/python3.10/dist-packages/driver_msgs/__init__.py'...
[2.449s] Listing '/home/ljm/catkin_ws/install/driver_msgs/local/lib/python3.10/dist-packages/driver_msgs/msg'...
[2.449s] Compiling '/home/ljm/catkin_ws/install/driver_msgs/local/lib/python3.10/dist-packages/driver_msgs/msg/__init__.py'...
[2.449s] Compiling '/home/ljm/catkin_ws/install/driver_msgs/local/lib/python3.10/dist-packages/driver_msgs/msg/_target.py'...
[2.453s] -- Installing: /home/ljm/catkin_ws/install/driver_msgs/local/lib/python3.10/dist-packages/driver_msgs/driver_msgs_s__rosidl_typesupport_fastrtps_c.cpython-310-x86_64-linux-gnu.so
[2.453s] -- Set runtime path of "/home/ljm/catkin_ws/install/driver_msgs/local/lib/python3.10/dist-packages/driver_msgs/driver_msgs_s__rosidl_typesupport_fastrtps_c.cpython-310-x86_64-linux-gnu.so" to ""
[2.453s] -- Installing: /home/ljm/catkin_ws/install/driver_msgs/local/lib/python3.10/dist-packages/driver_msgs/driver_msgs_s__rosidl_typesupport_introspection_c.cpython-310-x86_64-linux-gnu.so
[2.454s] -- Set runtime path of "/home/ljm/catkin_ws/install/driver_msgs/local/lib/python3.10/dist-packages/driver_msgs/driver_msgs_s__rosidl_typesupport_introspection_c.cpython-310-x86_64-linux-gnu.so" to ""
[2.454s] -- Installing: /home/ljm/catkin_ws/install/driver_msgs/local/lib/python3.10/dist-packages/driver_msgs/driver_msgs_s__rosidl_typesupport_c.cpython-310-x86_64-linux-gnu.so
[2.455s] -- Set runtime path of "/home/ljm/catkin_ws/install/driver_msgs/local/lib/python3.10/dist-packages/driver_msgs/driver_msgs_s__rosidl_typesupport_c.cpython-310-x86_64-linux-gnu.so" to ""
[2.455s] -- Installing: /home/ljm/catkin_ws/install/driver_msgs/lib/libdriver_msgs__rosidl_generator_py.so
[2.455s] -- Set runtime path of "/home/ljm/catkin_ws/install/driver_msgs/lib/libdriver_msgs__rosidl_generator_py.so" to ""
[2.455s] -- Installing: /home/ljm/catkin_ws/install/driver_msgs/share/driver_msgs/msg/Target.idl
[2.455s] -- Installing: /home/ljm/catkin_ws/install/driver_msgs/share/driver_msgs/msg/Target.msg
[2.455s] -- Installing: /home/ljm/catkin_ws/install/driver_msgs/share/ament_index/resource_index/package_run_dependencies/driver_msgs
[2.455s] -- Installing: /home/ljm/catkin_ws/install/driver_msgs/share/ament_index/resource_index/parent_prefix_path/driver_msgs
[2.456s] -- Installing: /home/ljm/catkin_ws/install/driver_msgs/share/driver_msgs/environment/ament_prefix_path.sh
[2.456s] -- Installing: /home/ljm/catkin_ws/install/driver_msgs/share/driver_msgs/environment/ament_prefix_path.dsv
[2.456s] -- Installing: /home/ljm/catkin_ws/install/driver_msgs/share/driver_msgs/environment/path.sh
[2.456s] -- Installing: /home/ljm/catkin_ws/install/driver_msgs/share/driver_msgs/environment/path.dsv
[2.456s] -- Installing: /home/ljm/catkin_ws/install/driver_msgs/share/driver_msgs/local_setup.bash
[2.456s] -- Installing: /home/ljm/catkin_ws/install/driver_msgs/share/driver_msgs/local_setup.sh
[2.456s] -- Installing: /home/ljm/catkin_ws/install/driver_msgs/share/driver_msgs/local_setup.zsh
[2.456s] -- Installing: /home/ljm/catkin_ws/install/driver_msgs/share/driver_msgs/local_setup.dsv
[2.456s] -- Installing: /home/ljm/catkin_ws/install/driver_msgs/share/driver_msgs/package.dsv
[2.456s] -- Installing: /home/ljm/catkin_ws/install/driver_msgs/share/ament_index/resource_index/packages/driver_msgs
[2.456s] -- Installing: /home/ljm/catkin_ws/install/driver_msgs/share/driver_msgs/cmake/export_driver_msgs__rosidl_generator_cExport.cmake
[2.457s] -- Installing: /home/ljm/catkin_ws/install/driver_msgs/share/driver_msgs/cmake/export_driver_msgs__rosidl_generator_cExport-noconfig.cmake
[2.457s] -- Installing: /home/ljm/catkin_ws/install/driver_msgs/share/driver_msgs/cmake/export_driver_msgs__rosidl_typesupport_fastrtps_cExport.cmake
[2.457s] -- Installing: /home/ljm/catkin_ws/install/driver_msgs/share/driver_msgs/cmake/export_driver_msgs__rosidl_typesupport_fastrtps_cExport-noconfig.cmake
[2.457s] -- Installing: /home/ljm/catkin_ws/install/driver_msgs/share/driver_msgs/cmake/driver_msgs__rosidl_typesupport_introspection_cExport.cmake
[2.457s] -- Installing: /home/ljm/catkin_ws/install/driver_msgs/share/driver_msgs/cmake/driver_msgs__rosidl_typesupport_introspection_cExport-noconfig.cmake
[2.457s] -- Installing: /home/ljm/catkin_ws/install/driver_msgs/share/driver_msgs/cmake/driver_msgs__rosidl_typesupport_cExport.cmake
[2.457s] -- Installing: /home/ljm/catkin_ws/install/driver_msgs/share/driver_msgs/cmake/driver_msgs__rosidl_typesupport_cExport-noconfig.cmake
[2.457s] -- Installing: /home/ljm/catkin_ws/install/driver_msgs/share/driver_msgs/cmake/export_driver_msgs__rosidl_generator_cppExport.cmake
[2.458s] -- Installing: /home/ljm/catkin_ws/install/driver_msgs/share/driver_msgs/cmake/export_driver_msgs__rosidl_typesupport_fastrtps_cppExport.cmake
[2.458s] -- Installing: /home/ljm/catkin_ws/install/driver_msgs/share/driver_msgs/cmake/export_driver_msgs__rosidl_typesupport_fastrtps_cppExport-noconfig.cmake
[2.458s] -- Installing: /home/ljm/catkin_ws/install/driver_msgs/share/driver_msgs/cmake/driver_msgs__rosidl_typesupport_introspection_cppExport.cmake
[2.458s] -- Installing: /home/ljm/catkin_ws/install/driver_msgs/share/driver_msgs/cmake/driver_msgs__rosidl_typesupport_introspection_cppExport-noconfig.cmake
[2.458s] -- Installing: /home/ljm/catkin_ws/install/driver_msgs/share/driver_msgs/cmake/driver_msgs__rosidl_typesupport_cppExport.cmake
[2.458s] -- Installing: /home/ljm/catkin_ws/install/driver_msgs/share/driver_msgs/cmake/driver_msgs__rosidl_typesupport_cppExport-noconfig.cmake
[2.459s] -- Installing: /home/ljm/catkin_ws/install/driver_msgs/share/driver_msgs/cmake/export_driver_msgs__rosidl_generator_pyExport.cmake
[2.460s] -- Installing: /home/ljm/catkin_ws/install/driver_msgs/share/driver_msgs/cmake/export_driver_msgs__rosidl_generator_pyExport-noconfig.cmake
[2.460s] -- Installing: /home/ljm/catkin_ws/install/driver_msgs/share/driver_msgs/cmake/rosidl_cmake-extras.cmake
[2.460s] -- Installing: /home/ljm/catkin_ws/install/driver_msgs/share/driver_msgs/cmake/ament_cmake_export_dependencies-extras.cmake
[2.460s] -- Installing: /home/ljm/catkin_ws/install/driver_msgs/share/driver_msgs/cmake/ament_cmake_export_include_directories-extras.cmake
[2.460s] -- Installing: /home/ljm/catkin_ws/install/driver_msgs/share/driver_msgs/cmake/ament_cmake_export_libraries-extras.cmake
[2.460s] -- Installing: /home/ljm/catkin_ws/install/driver_msgs/share/driver_msgs/cmake/ament_cmake_export_targets-extras.cmake
[2.460s] -- Installing: /home/ljm/catkin_ws/install/driver_msgs/share/driver_msgs/cmake/rosidl_cmake_export_typesupport_targets-extras.cmake
[2.460s] -- Installing: /home/ljm/catkin_ws/install/driver_msgs/share/driver_msgs/cmake/rosidl_cmake_export_typesupport_libraries-extras.cmake
[2.460s] -- Installing: /home/ljm/catkin_ws/install/driver_msgs/share/driver_msgs/cmake/driver_msgsConfig.cmake
[2.461s] -- Installing: /home/ljm/catkin_ws/install/driver_msgs/share/driver_msgs/cmake/driver_msgsConfig-version.cmake
[2.461s] -- Installing: /home/ljm/catkin_ws/install/driver_msgs/share/driver_msgs/package.xml
[2.461s] Invoked command in '/home/ljm/catkin_ws/build/driver_msgs' returned '0': CMAKE_PREFIX_PATH=/opt/ros/humble /usr/bin/cmake --install /home/ljm/catkin_ws/build/driver_msgs
