[0.022s] Invoking command in '/home/ljm/catkin_ws/build/driver_msgs': CMAKE_PREFIX_PATH=${CMAKE_PREFIX_PATH}:/home/ljm/catkin_ws/install/process:/opt/ros/humble /usr/bin/cmake --build /home/ljm/catkin_ws/build/driver_msgs -- -j14 -l14
[0.071s] [  9%] Built target driver_msgs__rosidl_generator_c
[0.074s] [ 12%] Built target driver_msgs__cpp
[0.088s] [ 12%] Built target ament_cmake_python_copy_driver_msgs
[0.092s] [ 22%] Built target driver_msgs__rosidl_typesupport_c
[0.092s] [ 32%] Built target driver_msgs__rosidl_typesupport_introspection_c
[0.092s] [ 41%] Built target driver_msgs__rosidl_typesupport_fastrtps_c
[0.093s] [ 51%] Built target driver_msgs__rosidl_typesupport_introspection_cpp
[0.093s] [ 61%] Built target driver_msgs__rosidl_typesupport_cpp
[0.101s] [ 70%] Built target driver_msgs__rosidl_typesupport_fastrtps_cpp
[0.124s] [ 70%] Built target driver_msgs
[0.141s] [ 74%] Built target driver_msgs__py
[0.165s] [ 80%] Built target driver_msgs__rosidl_generator_py
[0.185s] [ 87%] Built target driver_msgs__rosidl_typesupport_introspection_c__pyext
[0.186s] [ 93%] Built target driver_msgs__rosidl_typesupport_c__pyext
[0.187s] [100%] Built target driver_msgs__rosidl_typesupport_fastrtps_c__pyext
[0.284s] running egg_info
[0.284s] writing driver_msgs.egg-info/PKG-INFO
[0.284s] writing dependency_links to driver_msgs.egg-info/dependency_links.txt
[0.284s] writing top-level names to driver_msgs.egg-info/top_level.txt
[0.286s] reading manifest file 'driver_msgs.egg-info/SOURCES.txt'
[0.288s] writing manifest file 'driver_msgs.egg-info/SOURCES.txt'
[0.307s] [100%] Built target ament_cmake_python_build_driver_msgs_egg
[0.317s] Invoked command in '/home/ljm/catkin_ws/build/driver_msgs' returned '0': CMAKE_PREFIX_PATH=${CMAKE_PREFIX_PATH}:/home/ljm/catkin_ws/install/process:/opt/ros/humble /usr/bin/cmake --build /home/ljm/catkin_ws/build/driver_msgs -- -j14 -l14
[0.319s] Invoking command in '/home/ljm/catkin_ws/build/driver_msgs': CMAKE_PREFIX_PATH=${CMAKE_PREFIX_PATH}:/home/ljm/catkin_ws/install/process:/opt/ros/humble /usr/bin/cmake --install /home/ljm/catkin_ws/build/driver_msgs
[0.329s] -- Install configuration: ""
[0.329s] -- Up-to-date: /home/ljm/catkin_ws/install/driver_msgs/share/ament_index/resource_index/rosidl_interfaces/driver_msgs
[0.329s] -- Up-to-date: /home/ljm/catkin_ws/install/driver_msgs/include/driver_msgs/driver_msgs
[0.329s] -- Up-to-date: /home/ljm/catkin_ws/install/driver_msgs/include/driver_msgs/driver_msgs/msg
[0.329s] -- Up-to-date: /home/ljm/catkin_ws/install/driver_msgs/include/driver_msgs/driver_msgs/msg/rosidl_generator_c__visibility_control.h
[0.329s] -- Up-to-date: /home/ljm/catkin_ws/install/driver_msgs/include/driver_msgs/driver_msgs/msg/target.h
[0.329s] -- Up-to-date: /home/ljm/catkin_ws/install/driver_msgs/include/driver_msgs/driver_msgs/msg/detail
[0.329s] -- Up-to-date: /home/ljm/catkin_ws/install/driver_msgs/include/driver_msgs/driver_msgs/msg/detail/target__struct.h
[0.330s] -- Up-to-date: /home/ljm/catkin_ws/install/driver_msgs/include/driver_msgs/driver_msgs/msg/detail/target__functions.c
[0.330s] -- Up-to-date: /home/ljm/catkin_ws/install/driver_msgs/include/driver_msgs/driver_msgs/msg/detail/target__type_support.h
[0.330s] -- Up-to-date: /home/ljm/catkin_ws/install/driver_msgs/include/driver_msgs/driver_msgs/msg/detail/target__functions.h
[0.330s] -- Up-to-date: /home/ljm/catkin_ws/install/driver_msgs/share/driver_msgs/environment/library_path.sh
[0.330s] -- Up-to-date: /home/ljm/catkin_ws/install/driver_msgs/share/driver_msgs/environment/library_path.dsv
[0.330s] -- Up-to-date: /home/ljm/catkin_ws/install/driver_msgs/lib/libdriver_msgs__rosidl_generator_c.so
[0.330s] -- Up-to-date: /home/ljm/catkin_ws/install/driver_msgs/include/driver_msgs/driver_msgs
[0.330s] -- Up-to-date: /home/ljm/catkin_ws/install/driver_msgs/include/driver_msgs/driver_msgs/msg
[0.330s] -- Up-to-date: /home/ljm/catkin_ws/install/driver_msgs/include/driver_msgs/driver_msgs/msg/detail
[0.331s] -- Up-to-date: /home/ljm/catkin_ws/install/driver_msgs/include/driver_msgs/driver_msgs/msg/detail/target__rosidl_typesupport_fastrtps_c.h
[0.331s] -- Up-to-date: /home/ljm/catkin_ws/install/driver_msgs/include/driver_msgs/driver_msgs/msg/rosidl_typesupport_fastrtps_c__visibility_control.h
[0.331s] -- Up-to-date: /home/ljm/catkin_ws/install/driver_msgs/lib/libdriver_msgs__rosidl_typesupport_fastrtps_c.so
[0.331s] -- Up-to-date: /home/ljm/catkin_ws/install/driver_msgs/include/driver_msgs/driver_msgs
[0.331s] -- Up-to-date: /home/ljm/catkin_ws/install/driver_msgs/include/driver_msgs/driver_msgs/msg
[0.331s] -- Up-to-date: /home/ljm/catkin_ws/install/driver_msgs/include/driver_msgs/driver_msgs/msg/rosidl_typesupport_introspection_c__visibility_control.h
[0.331s] -- Up-to-date: /home/ljm/catkin_ws/install/driver_msgs/include/driver_msgs/driver_msgs/msg/detail
[0.331s] -- Up-to-date: /home/ljm/catkin_ws/install/driver_msgs/include/driver_msgs/driver_msgs/msg/detail/target__rosidl_typesupport_introspection_c.h
[0.331s] -- Up-to-date: /home/ljm/catkin_ws/install/driver_msgs/include/driver_msgs/driver_msgs/msg/detail/target__type_support.c
[0.332s] -- Up-to-date: /home/ljm/catkin_ws/install/driver_msgs/lib/libdriver_msgs__rosidl_typesupport_introspection_c.so
[0.333s] -- Up-to-date: /home/ljm/catkin_ws/install/driver_msgs/lib/libdriver_msgs__rosidl_typesupport_c.so
[0.333s] -- Up-to-date: /home/ljm/catkin_ws/install/driver_msgs/include/driver_msgs/driver_msgs
[0.333s] -- Up-to-date: /home/ljm/catkin_ws/install/driver_msgs/include/driver_msgs/driver_msgs/msg
[0.333s] -- Up-to-date: /home/ljm/catkin_ws/install/driver_msgs/include/driver_msgs/driver_msgs/msg/target.hpp
[0.333s] -- Up-to-date: /home/ljm/catkin_ws/install/driver_msgs/include/driver_msgs/driver_msgs/msg/rosidl_generator_cpp__visibility_control.hpp
[0.333s] -- Up-to-date: /home/ljm/catkin_ws/install/driver_msgs/include/driver_msgs/driver_msgs/msg/detail
[0.333s] -- Up-to-date: /home/ljm/catkin_ws/install/driver_msgs/include/driver_msgs/driver_msgs/msg/detail/target__builder.hpp
[0.333s] -- Up-to-date: /home/ljm/catkin_ws/install/driver_msgs/include/driver_msgs/driver_msgs/msg/detail/target__struct.hpp
[0.333s] -- Up-to-date: /home/ljm/catkin_ws/install/driver_msgs/include/driver_msgs/driver_msgs/msg/detail/target__type_support.hpp
[0.333s] -- Up-to-date: /home/ljm/catkin_ws/install/driver_msgs/include/driver_msgs/driver_msgs/msg/detail/target__traits.hpp
[0.333s] -- Up-to-date: /home/ljm/catkin_ws/install/driver_msgs/include/driver_msgs/driver_msgs
[0.333s] -- Up-to-date: /home/ljm/catkin_ws/install/driver_msgs/include/driver_msgs/driver_msgs/msg
[0.333s] -- Up-to-date: /home/ljm/catkin_ws/install/driver_msgs/include/driver_msgs/driver_msgs/msg/detail
[0.333s] -- Up-to-date: /home/ljm/catkin_ws/install/driver_msgs/include/driver_msgs/driver_msgs/msg/detail/target__rosidl_typesupport_fastrtps_cpp.hpp
[0.333s] -- Up-to-date: /home/ljm/catkin_ws/install/driver_msgs/include/driver_msgs/driver_msgs/msg/detail/dds_fastrtps
[0.333s] -- Up-to-date: /home/ljm/catkin_ws/install/driver_msgs/include/driver_msgs/driver_msgs/msg/rosidl_typesupport_fastrtps_cpp__visibility_control.h
[0.333s] -- Up-to-date: /home/ljm/catkin_ws/install/driver_msgs/lib/libdriver_msgs__rosidl_typesupport_fastrtps_cpp.so
[0.333s] -- Up-to-date: /home/ljm/catkin_ws/install/driver_msgs/include/driver_msgs/driver_msgs
[0.333s] -- Up-to-date: /home/ljm/catkin_ws/install/driver_msgs/include/driver_msgs/driver_msgs/msg
[0.333s] -- Up-to-date: /home/ljm/catkin_ws/install/driver_msgs/include/driver_msgs/driver_msgs/msg/detail
[0.333s] -- Up-to-date: /home/ljm/catkin_ws/install/driver_msgs/include/driver_msgs/driver_msgs/msg/detail/target__rosidl_typesupport_introspection_cpp.hpp
[0.333s] -- Up-to-date: /home/ljm/catkin_ws/install/driver_msgs/include/driver_msgs/driver_msgs/msg/detail/target__type_support.cpp
[0.333s] -- Up-to-date: /home/ljm/catkin_ws/install/driver_msgs/lib/libdriver_msgs__rosidl_typesupport_introspection_cpp.so
[0.333s] -- Up-to-date: /home/ljm/catkin_ws/install/driver_msgs/lib/libdriver_msgs__rosidl_typesupport_cpp.so
[0.333s] -- Up-to-date: /home/ljm/catkin_ws/install/driver_msgs/share/driver_msgs/environment/pythonpath.sh
[0.333s] -- Up-to-date: /home/ljm/catkin_ws/install/driver_msgs/share/driver_msgs/environment/pythonpath.dsv
[0.334s] -- Up-to-date: /home/ljm/catkin_ws/install/driver_msgs/local/lib/python3.10/dist-packages/driver_msgs-0.0.0-py3.10.egg-info
[0.334s] -- Installing: /home/ljm/catkin_ws/install/driver_msgs/local/lib/python3.10/dist-packages/driver_msgs-0.0.0-py3.10.egg-info/SOURCES.txt
[0.334s] -- Installing: /home/ljm/catkin_ws/install/driver_msgs/local/lib/python3.10/dist-packages/driver_msgs-0.0.0-py3.10.egg-info/dependency_links.txt
[0.334s] -- Installing: /home/ljm/catkin_ws/install/driver_msgs/local/lib/python3.10/dist-packages/driver_msgs-0.0.0-py3.10.egg-info/top_level.txt
[0.334s] -- Installing: /home/ljm/catkin_ws/install/driver_msgs/local/lib/python3.10/dist-packages/driver_msgs-0.0.0-py3.10.egg-info/PKG-INFO
[0.334s] -- Up-to-date: /home/ljm/catkin_ws/install/driver_msgs/local/lib/python3.10/dist-packages/driver_msgs
[0.334s] -- Up-to-date: /home/ljm/catkin_ws/install/driver_msgs/local/lib/python3.10/dist-packages/driver_msgs/_driver_msgs_s.ep.rosidl_typesupport_fastrtps_c.c
[0.334s] -- Up-to-date: /home/ljm/catkin_ws/install/driver_msgs/local/lib/python3.10/dist-packages/driver_msgs/driver_msgs_s__rosidl_typesupport_fastrtps_c.cpython-310-x86_64-linux-gnu.so
[0.334s] -- Up-to-date: /home/ljm/catkin_ws/install/driver_msgs/local/lib/python3.10/dist-packages/driver_msgs/driver_msgs_s__rosidl_typesupport_c.cpython-310-x86_64-linux-gnu.so
[0.334s] -- Up-to-date: /home/ljm/catkin_ws/install/driver_msgs/local/lib/python3.10/dist-packages/driver_msgs/driver_msgs_s__rosidl_typesupport_introspection_c.cpython-310-x86_64-linux-gnu.so
[0.334s] -- Up-to-date: /home/ljm/catkin_ws/install/driver_msgs/local/lib/python3.10/dist-packages/driver_msgs/_driver_msgs_s.ep.rosidl_typesupport_introspection_c.c
[0.334s] -- Up-to-date: /home/ljm/catkin_ws/install/driver_msgs/local/lib/python3.10/dist-packages/driver_msgs/__init__.py
[0.334s] -- Up-to-date: /home/ljm/catkin_ws/install/driver_msgs/local/lib/python3.10/dist-packages/driver_msgs/msg
[0.334s] -- Up-to-date: /home/ljm/catkin_ws/install/driver_msgs/local/lib/python3.10/dist-packages/driver_msgs/msg/_target.py
[0.334s] -- Up-to-date: /home/ljm/catkin_ws/install/driver_msgs/local/lib/python3.10/dist-packages/driver_msgs/msg/_target_s.c
[0.334s] -- Up-to-date: /home/ljm/catkin_ws/install/driver_msgs/local/lib/python3.10/dist-packages/driver_msgs/msg/__init__.py
[0.334s] -- Up-to-date: /home/ljm/catkin_ws/install/driver_msgs/local/lib/python3.10/dist-packages/driver_msgs/_driver_msgs_s.ep.rosidl_typesupport_c.c
[0.335s] -- Up-to-date: /home/ljm/catkin_ws/install/driver_msgs/local/lib/python3.10/dist-packages/driver_msgs/libdriver_msgs__rosidl_generator_py.so
[0.357s] Listing '/home/ljm/catkin_ws/install/driver_msgs/local/lib/python3.10/dist-packages/driver_msgs'...
[0.357s] Listing '/home/ljm/catkin_ws/install/driver_msgs/local/lib/python3.10/dist-packages/driver_msgs/msg'...
[0.360s] -- Up-to-date: /home/ljm/catkin_ws/install/driver_msgs/local/lib/python3.10/dist-packages/driver_msgs/driver_msgs_s__rosidl_typesupport_fastrtps_c.cpython-310-x86_64-linux-gnu.so
[0.360s] -- Up-to-date: /home/ljm/catkin_ws/install/driver_msgs/local/lib/python3.10/dist-packages/driver_msgs/driver_msgs_s__rosidl_typesupport_introspection_c.cpython-310-x86_64-linux-gnu.so
[0.360s] -- Up-to-date: /home/ljm/catkin_ws/install/driver_msgs/local/lib/python3.10/dist-packages/driver_msgs/driver_msgs_s__rosidl_typesupport_c.cpython-310-x86_64-linux-gnu.so
[0.361s] -- Up-to-date: /home/ljm/catkin_ws/install/driver_msgs/lib/libdriver_msgs__rosidl_generator_py.so
[0.361s] -- Up-to-date: /home/ljm/catkin_ws/install/driver_msgs/share/driver_msgs/msg/Target.idl
[0.361s] -- Up-to-date: /home/ljm/catkin_ws/install/driver_msgs/share/driver_msgs/msg/Target.msg
[0.361s] -- Up-to-date: /home/ljm/catkin_ws/install/driver_msgs/share/ament_index/resource_index/package_run_dependencies/driver_msgs
[0.361s] -- Up-to-date: /home/ljm/catkin_ws/install/driver_msgs/share/ament_index/resource_index/parent_prefix_path/driver_msgs
[0.361s] -- Up-to-date: /home/ljm/catkin_ws/install/driver_msgs/share/driver_msgs/environment/ament_prefix_path.sh
[0.361s] -- Up-to-date: /home/ljm/catkin_ws/install/driver_msgs/share/driver_msgs/environment/ament_prefix_path.dsv
[0.362s] -- Up-to-date: /home/ljm/catkin_ws/install/driver_msgs/share/driver_msgs/environment/path.sh
[0.362s] -- Up-to-date: /home/ljm/catkin_ws/install/driver_msgs/share/driver_msgs/environment/path.dsv
[0.362s] -- Up-to-date: /home/ljm/catkin_ws/install/driver_msgs/share/driver_msgs/local_setup.bash
[0.362s] -- Up-to-date: /home/ljm/catkin_ws/install/driver_msgs/share/driver_msgs/local_setup.sh
[0.363s] -- Up-to-date: /home/ljm/catkin_ws/install/driver_msgs/share/driver_msgs/local_setup.zsh
[0.363s] -- Up-to-date: /home/ljm/catkin_ws/install/driver_msgs/share/driver_msgs/local_setup.dsv
[0.363s] -- Installing: /home/ljm/catkin_ws/install/driver_msgs/share/driver_msgs/package.dsv
[0.363s] -- Up-to-date: /home/ljm/catkin_ws/install/driver_msgs/share/ament_index/resource_index/packages/driver_msgs
[0.363s] -- Up-to-date: /home/ljm/catkin_ws/install/driver_msgs/share/driver_msgs/cmake/export_driver_msgs__rosidl_generator_cExport.cmake
[0.363s] -- Up-to-date: /home/ljm/catkin_ws/install/driver_msgs/share/driver_msgs/cmake/export_driver_msgs__rosidl_generator_cExport-noconfig.cmake
[0.363s] -- Up-to-date: /home/ljm/catkin_ws/install/driver_msgs/share/driver_msgs/cmake/export_driver_msgs__rosidl_typesupport_fastrtps_cExport.cmake
[0.363s] -- Up-to-date: /home/ljm/catkin_ws/install/driver_msgs/share/driver_msgs/cmake/export_driver_msgs__rosidl_typesupport_fastrtps_cExport-noconfig.cmake
[0.363s] -- Up-to-date: /home/ljm/catkin_ws/install/driver_msgs/share/driver_msgs/cmake/driver_msgs__rosidl_typesupport_introspection_cExport.cmake
[0.363s] -- Up-to-date: /home/ljm/catkin_ws/install/driver_msgs/share/driver_msgs/cmake/driver_msgs__rosidl_typesupport_introspection_cExport-noconfig.cmake
[0.363s] -- Up-to-date: /home/ljm/catkin_ws/install/driver_msgs/share/driver_msgs/cmake/driver_msgs__rosidl_typesupport_cExport.cmake
[0.363s] -- Up-to-date: /home/ljm/catkin_ws/install/driver_msgs/share/driver_msgs/cmake/driver_msgs__rosidl_typesupport_cExport-noconfig.cmake
[0.363s] -- Up-to-date: /home/ljm/catkin_ws/install/driver_msgs/share/driver_msgs/cmake/export_driver_msgs__rosidl_generator_cppExport.cmake
[0.363s] -- Up-to-date: /home/ljm/catkin_ws/install/driver_msgs/share/driver_msgs/cmake/export_driver_msgs__rosidl_typesupport_fastrtps_cppExport.cmake
[0.363s] -- Up-to-date: /home/ljm/catkin_ws/install/driver_msgs/share/driver_msgs/cmake/export_driver_msgs__rosidl_typesupport_fastrtps_cppExport-noconfig.cmake
[0.363s] -- Up-to-date: /home/ljm/catkin_ws/install/driver_msgs/share/driver_msgs/cmake/driver_msgs__rosidl_typesupport_introspection_cppExport.cmake
[0.363s] -- Up-to-date: /home/ljm/catkin_ws/install/driver_msgs/share/driver_msgs/cmake/driver_msgs__rosidl_typesupport_introspection_cppExport-noconfig.cmake
[0.363s] -- Up-to-date: /home/ljm/catkin_ws/install/driver_msgs/share/driver_msgs/cmake/driver_msgs__rosidl_typesupport_cppExport.cmake
[0.363s] -- Up-to-date: /home/ljm/catkin_ws/install/driver_msgs/share/driver_msgs/cmake/driver_msgs__rosidl_typesupport_cppExport-noconfig.cmake
[0.363s] -- Up-to-date: /home/ljm/catkin_ws/install/driver_msgs/share/driver_msgs/cmake/export_driver_msgs__rosidl_generator_pyExport.cmake
[0.363s] -- Up-to-date: /home/ljm/catkin_ws/install/driver_msgs/share/driver_msgs/cmake/export_driver_msgs__rosidl_generator_pyExport-noconfig.cmake
[0.363s] -- Up-to-date: /home/ljm/catkin_ws/install/driver_msgs/share/driver_msgs/cmake/rosidl_cmake-extras.cmake
[0.363s] -- Up-to-date: /home/ljm/catkin_ws/install/driver_msgs/share/driver_msgs/cmake/ament_cmake_export_dependencies-extras.cmake
[0.363s] -- Up-to-date: /home/ljm/catkin_ws/install/driver_msgs/share/driver_msgs/cmake/ament_cmake_export_include_directories-extras.cmake
[0.363s] -- Up-to-date: /home/ljm/catkin_ws/install/driver_msgs/share/driver_msgs/cmake/ament_cmake_export_libraries-extras.cmake
[0.364s] -- Up-to-date: /home/ljm/catkin_ws/install/driver_msgs/share/driver_msgs/cmake/ament_cmake_export_targets-extras.cmake
[0.364s] -- Up-to-date: /home/ljm/catkin_ws/install/driver_msgs/share/driver_msgs/cmake/rosidl_cmake_export_typesupport_targets-extras.cmake
[0.364s] -- Up-to-date: /home/ljm/catkin_ws/install/driver_msgs/share/driver_msgs/cmake/rosidl_cmake_export_typesupport_libraries-extras.cmake
[0.364s] -- Up-to-date: /home/ljm/catkin_ws/install/driver_msgs/share/driver_msgs/cmake/driver_msgsConfig.cmake
[0.364s] -- Up-to-date: /home/ljm/catkin_ws/install/driver_msgs/share/driver_msgs/cmake/driver_msgsConfig-version.cmake
[0.364s] -- Up-to-date: /home/ljm/catkin_ws/install/driver_msgs/share/driver_msgs/package.xml
[0.365s] Invoked command in '/home/ljm/catkin_ws/build/driver_msgs' returned '0': CMAKE_PREFIX_PATH=${CMAKE_PREFIX_PATH}:/home/ljm/catkin_ws/install/process:/opt/ros/humble /usr/bin/cmake --install /home/ljm/catkin_ws/build/driver_msgs
