[0.024s] Invoking command in '/home/ljm/catkin_ws/build/driver': CMAKE_PREFIX_PATH=/opt/ros/humble /usr/bin/cmake /home/ljm/catkin_ws/src/driver -DCMAKE_INSTALL_PREFIX=/home/ljm/catkin_ws/install/driver
[0.072s] -- The C compiler identification is GNU 11.4.0
[0.125s] -- The CXX compiler identification is GNU 11.4.0
[0.133s] -- Detecting C compiler ABI info
[0.202s] -- Detecting C compiler ABI info - done
[0.205s] -- Check for working C compiler: /usr/bin/cc - skipped
[0.206s] -- Detecting C compile features
[0.206s] -- Detecting C compile features - done
[0.216s] -- Detecting CXX compiler ABI info
[0.298s] -- Detecting CXX compiler ABI info - done
[0.302s] -- Check for working CXX compiler: /usr/bin/c++ - skipped
[0.302s] -- Detecting CXX compile features
[0.303s] -- Detecting CXX compile features - done
[0.304s] -- Found ament_cmake: 1.3.11 (/opt/ros/humble/share/ament_cmake/cmake)
[0.456s] -- Found Python3: /usr/bin/python3 (found version "3.10.12") found components: Interpreter 
[0.530s] -- Found rclcpp: 16.0.12 (/opt/ros/humble/share/rclcpp/cmake)
[0.566s] -- Found rosidl_generator_c: 3.1.6 (/opt/ros/humble/share/rosidl_generator_c/cmake)
[0.569s] -- Found rosidl_adapter: 3.1.6 (/opt/ros/humble/share/rosidl_adapter/cmake)
[0.574s] -- Found rosidl_generator_cpp: 3.1.6 (/opt/ros/humble/share/rosidl_generator_cpp/cmake)
[0.583s] -- Using all available rosidl_typesupport_c: rosidl_typesupport_fastrtps_c;rosidl_typesupport_introspection_c
[0.594s] -- Using all available rosidl_typesupport_cpp: rosidl_typesupport_fastrtps_cpp;rosidl_typesupport_introspection_cpp
[0.644s] -- Found rmw_implementation_cmake: 6.1.2 (/opt/ros/humble/share/rmw_implementation_cmake/cmake)
[0.647s] -- Found rmw_fastrtps_cpp: 6.2.7 (/opt/ros/humble/share/rmw_fastrtps_cpp/cmake)
[0.721s] -- Found OpenSSL: /usr/lib/x86_64-linux-gnu/libcrypto.so (found version "3.0.2")  
[0.743s] -- Found FastRTPS: /opt/ros/humble/include  
[0.777s] -- Using RMW implementation 'rmw_fastrtps_cpp' as default
[0.787s] -- Looking for pthread.h
[0.853s] -- Looking for pthread.h - found
[0.854s] -- Performing Test CMAKE_HAVE_LIBC_PTHREAD
[0.927s] -- Performing Test CMAKE_HAVE_LIBC_PTHREAD - Success
[0.928s] -- Found Threads: TRUE  
[0.989s] -- Found geometry_msgs: 4.8.0 (/opt/ros/humble/share/geometry_msgs/cmake)
[1.004s] [31mCMake Error at CMakeLists.txt:13 (find_package):
[1.004s]   By not providing "Finddriver_msgs.cmake" in CMAKE_MODULE_PATH this project
[1.004s]   has asked CMake to find a package configuration file provided by
[1.004s]   "driver_msgs", but CMake did not find one.
[1.004s] 
[1.004s]   Could not find a package configuration file provided by "driver_msgs" with
[1.004s]   any of the following names:
[1.004s] 
[1.004s]     driver_msgsConfig.cmake
[1.004s]     driver_msgs-config.cmake
[1.004s] 
[1.004s]   Add the installation prefix of "driver_msgs" to CMAKE_PREFIX_PATH or set
[1.004s]   "driver_msgs_DIR" to a directory containing one of the above files.  If
[1.004s]   "driver_msgs" provides a separate development package or SDK, be sure it
[1.004s]   has been installed.
[1.004s] 
[1.004s] [0m
[1.005s] -- Configuring incomplete, errors occurred!
[1.005s] See also "/home/ljm/catkin_ws/build/driver/CMakeFiles/CMakeOutput.log".
[1.012s] Invoked command in '/home/ljm/catkin_ws/build/driver' returned '1': CMAKE_PREFIX_PATH=/opt/ros/humble /usr/bin/cmake /home/ljm/catkin_ws/src/driver -DCMAKE_INSTALL_PREFIX=/home/ljm/catkin_ws/install/driver
