running egg_info
writing ../../build/process/process.egg-info/PKG-INFO
writing dependency_links to ../../build/process/process.egg-info/dependency_links.txt
writing entry points to ../../build/process/process.egg-info/entry_points.txt
writing requirements to ../../build/process/process.egg-info/requires.txt
writing top-level names to ../../build/process/process.egg-info/top_level.txt
reading manifest file '../../build/process/process.egg-info/SOURCES.txt'
adding license file 'LICENSE'
writing manifest file '../../build/process/process.egg-info/SOURCES.txt'
running build
running build_py
running install
running install_lib
running install_data
running install_egg_info
removing '/home/ljm/catkin_ws/install/process/lib/python3.10/site-packages/process-0.0.0-py3.10.egg-info' (and everything under it)
Copying ../../build/process/process.egg-info to /home/ljm/catkin_ws/install/process/lib/python3.10/site-packages/process-0.0.0-py3.10.egg-info
running install_scripts
Installing process_node script to /home/ljm/catkin_ws/install/process/lib/process
writing list of installed files to '/home/ljm/catkin_ws/build/process/install.log'
