[0.073s] DEBUG:colcon:Command line arguments: ['/usr/bin/colcon', 'build', '--packages-select', 'driver_msgs']
[0.073s] DEBUG:colcon:Parsed command line arguments: Namespace(log_base=None, log_level=None, verb_name='build', build_base='build', install_base='install', merge_install=False, symlink_install=False, test_result_base=None, continue_on_error=False, executor='parallel', parallel_workers=14, event_handlers=None, ignore_user_meta=False, metas=['./colcon.meta'], base_paths=['.'], packages_ignore=None, packages_ignore_regex=None, paths=None, packages_up_to=None, packages_up_to_regex=None, packages_above=None, packages_above_and_dependencies=None, packages_above_depth=None, packages_select_by_dep=None, packages_skip_by_dep=None, packages_skip_up_to=None, packages_select_build_failed=False, packages_skip_build_finished=False, packages_select_test_failures=False, packages_skip_test_passed=False, packages_select=['driver_msgs'], packages_skip=None, packages_select_regex=None, packages_skip_regex=None, packages_start=None, packages_end=None, allow_overriding=[], cmake_args=None, cmake_target=None, cmake_target_skip_unavailable=False, cmake_clean_cache=False, cmake_clean_first=False, cmake_force_configure=False, ament_cmake_args=None, catkin_cmake_args=None, catkin_skip_building_tests=False, verb_parser=<colcon_defaults.argument_parser.defaults.DefaultArgumentsDecorator object at 0x77df2f52ad10>, verb_extension=<colcon_core.verb.build.BuildVerb object at 0x77df2f52a830>, main=<bound method BuildVerb.main of <colcon_core.verb.build.BuildVerb object at 0x77df2f52a830>>)
[0.167s] Level 1:colcon.colcon_core.package_discovery:discover_packages(colcon_meta) check parameters
[0.167s] Level 1:colcon.colcon_core.package_discovery:discover_packages(recursive) check parameters
[0.167s] Level 1:colcon.colcon_core.package_discovery:discover_packages(ignore) check parameters
[0.167s] Level 1:colcon.colcon_core.package_discovery:discover_packages(path) check parameters
[0.167s] Level 1:colcon.colcon_core.package_discovery:discover_packages(colcon_meta) discover
[0.167s] Level 1:colcon.colcon_core.package_discovery:discover_packages(recursive) discover
[0.167s] INFO:colcon.colcon_core.package_discovery:Crawling recursively for packages in '/home/ljm/catkin_ws'
[0.167s] Level 1:colcon.colcon_core.package_identification:_identify(.) by extensions ['ignore', 'ignore_ament_install']
[0.167s] Level 1:colcon.colcon_core.package_identification:_identify(.) by extension 'ignore'
[0.167s] Level 1:colcon.colcon_core.package_identification:_identify(.) by extension 'ignore_ament_install'
[0.167s] Level 1:colcon.colcon_core.package_identification:_identify(.) by extensions ['colcon_pkg']
[0.167s] Level 1:colcon.colcon_core.package_identification:_identify(.) by extension 'colcon_pkg'
[0.167s] Level 1:colcon.colcon_core.package_identification:_identify(.) by extensions ['colcon_meta']
[0.167s] Level 1:colcon.colcon_core.package_identification:_identify(.) by extension 'colcon_meta'
[0.167s] Level 1:colcon.colcon_core.package_identification:_identify(.) by extensions ['ros']
[0.167s] Level 1:colcon.colcon_core.package_identification:_identify(.) by extension 'ros'
[0.175s] Level 1:colcon.colcon_core.package_identification:_identify(.) by extensions ['cmake', 'python']
[0.175s] Level 1:colcon.colcon_core.package_identification:_identify(.) by extension 'cmake'
[0.175s] Level 1:colcon.colcon_core.package_identification:_identify(.) by extension 'python'
[0.175s] Level 1:colcon.colcon_core.package_identification:_identify(.) by extensions ['python_setup_py']
[0.175s] Level 1:colcon.colcon_core.package_identification:_identify(.) by extension 'python_setup_py'
[0.175s] Level 1:colcon.colcon_core.package_identification:_identify(build) by extensions ['ignore', 'ignore_ament_install']
[0.175s] Level 1:colcon.colcon_core.package_identification:_identify(build) by extension 'ignore'
[0.175s] Level 1:colcon.colcon_core.package_identification:_identify(build) ignored
[0.175s] Level 1:colcon.colcon_core.package_identification:_identify(install) by extensions ['ignore', 'ignore_ament_install']
[0.175s] Level 1:colcon.colcon_core.package_identification:_identify(install) by extension 'ignore'
[0.175s] Level 1:colcon.colcon_core.package_identification:_identify(install) ignored
[0.175s] Level 1:colcon.colcon_core.package_identification:_identify(log) by extensions ['ignore', 'ignore_ament_install']
[0.175s] Level 1:colcon.colcon_core.package_identification:_identify(log) by extension 'ignore'
[0.175s] Level 1:colcon.colcon_core.package_identification:_identify(log) ignored
[0.175s] Level 1:colcon.colcon_core.package_identification:_identify(src) by extensions ['ignore', 'ignore_ament_install']
[0.175s] Level 1:colcon.colcon_core.package_identification:_identify(src) by extension 'ignore'
[0.175s] Level 1:colcon.colcon_core.package_identification:_identify(src) by extension 'ignore_ament_install'
[0.175s] Level 1:colcon.colcon_core.package_identification:_identify(src) by extensions ['colcon_pkg']
[0.175s] Level 1:colcon.colcon_core.package_identification:_identify(src) by extension 'colcon_pkg'
[0.176s] Level 1:colcon.colcon_core.package_identification:_identify(src) by extensions ['colcon_meta']
[0.176s] Level 1:colcon.colcon_core.package_identification:_identify(src) by extension 'colcon_meta'
[0.176s] Level 1:colcon.colcon_core.package_identification:_identify(src) by extensions ['ros']
[0.176s] Level 1:colcon.colcon_core.package_identification:_identify(src) by extension 'ros'
[0.176s] Level 1:colcon.colcon_core.package_identification:_identify(src) by extensions ['cmake', 'python']
[0.176s] Level 1:colcon.colcon_core.package_identification:_identify(src) by extension 'cmake'
[0.176s] Level 1:colcon.colcon_core.package_identification:_identify(src) by extension 'python'
[0.176s] Level 1:colcon.colcon_core.package_identification:_identify(src) by extensions ['python_setup_py']
[0.176s] Level 1:colcon.colcon_core.package_identification:_identify(src) by extension 'python_setup_py'
[0.176s] Level 1:colcon.colcon_core.package_identification:_identify(src/driver) by extensions ['ignore', 'ignore_ament_install']
[0.176s] Level 1:colcon.colcon_core.package_identification:_identify(src/driver) by extension 'ignore'
[0.176s] Level 1:colcon.colcon_core.package_identification:_identify(src/driver) by extension 'ignore_ament_install'
[0.176s] Level 1:colcon.colcon_core.package_identification:_identify(src/driver) by extensions ['colcon_pkg']
[0.176s] Level 1:colcon.colcon_core.package_identification:_identify(src/driver) by extension 'colcon_pkg'
[0.176s] Level 1:colcon.colcon_core.package_identification:_identify(src/driver) by extensions ['colcon_meta']
[0.176s] Level 1:colcon.colcon_core.package_identification:_identify(src/driver) by extension 'colcon_meta'
[0.176s] Level 1:colcon.colcon_core.package_identification:_identify(src/driver) by extensions ['ros']
[0.176s] Level 1:colcon.colcon_core.package_identification:_identify(src/driver) by extension 'ros'
[0.178s] DEBUG:colcon.colcon_core.package_identification:Package 'src/driver' with type 'ros.ament_cmake' and name 'driver'
[0.178s] Level 1:colcon.colcon_core.package_identification:_identify(src/driver_msgs) by extensions ['ignore', 'ignore_ament_install']
[0.178s] Level 1:colcon.colcon_core.package_identification:_identify(src/driver_msgs) by extension 'ignore'
[0.178s] Level 1:colcon.colcon_core.package_identification:_identify(src/driver_msgs) by extension 'ignore_ament_install'
[0.178s] Level 1:colcon.colcon_core.package_identification:_identify(src/driver_msgs) by extensions ['colcon_pkg']
[0.178s] Level 1:colcon.colcon_core.package_identification:_identify(src/driver_msgs) by extension 'colcon_pkg'
[0.178s] Level 1:colcon.colcon_core.package_identification:_identify(src/driver_msgs) by extensions ['colcon_meta']
[0.178s] Level 1:colcon.colcon_core.package_identification:_identify(src/driver_msgs) by extension 'colcon_meta'
[0.178s] Level 1:colcon.colcon_core.package_identification:_identify(src/driver_msgs) by extensions ['ros']
[0.178s] Level 1:colcon.colcon_core.package_identification:_identify(src/driver_msgs) by extension 'ros'
[0.178s] DEBUG:colcon.colcon_core.package_identification:Package 'src/driver_msgs' with type 'ros.ament_cmake' and name 'driver_msgs'
[0.178s] Level 1:colcon.colcon_core.package_identification:_identify(src/process) by extensions ['ignore', 'ignore_ament_install']
[0.178s] Level 1:colcon.colcon_core.package_identification:_identify(src/process) by extension 'ignore'
[0.178s] Level 1:colcon.colcon_core.package_identification:_identify(src/process) by extension 'ignore_ament_install'
[0.178s] Level 1:colcon.colcon_core.package_identification:_identify(src/process) by extensions ['colcon_pkg']
[0.178s] Level 1:colcon.colcon_core.package_identification:_identify(src/process) by extension 'colcon_pkg'
[0.178s] Level 1:colcon.colcon_core.package_identification:_identify(src/process) by extensions ['colcon_meta']
[0.178s] Level 1:colcon.colcon_core.package_identification:_identify(src/process) by extension 'colcon_meta'
[0.179s] Level 1:colcon.colcon_core.package_identification:_identify(src/process) by extensions ['ros']
[0.179s] Level 1:colcon.colcon_core.package_identification:_identify(src/process) by extension 'ros'
[0.179s] DEBUG:colcon.colcon_core.package_identification:Package 'src/process' with type 'ros.ament_python' and name 'process'
[0.179s] Level 1:colcon.colcon_core.package_discovery:discover_packages(recursive) using defaults
[0.179s] Level 1:colcon.colcon_core.package_discovery:discover_packages(ignore) discover
[0.179s] Level 1:colcon.colcon_core.package_discovery:discover_packages(ignore) using defaults
[0.179s] Level 1:colcon.colcon_core.package_discovery:discover_packages(path) discover
[0.179s] Level 1:colcon.colcon_core.package_discovery:discover_packages(path) using defaults
[0.191s] INFO:colcon.colcon_core.package_selection:Skipping not selected package 'driver' in 'src/driver'
[0.191s] INFO:colcon.colcon_core.package_selection:Skipping not selected package 'process' in 'src/process'
[0.192s] Level 1:colcon.colcon_core.package_discovery:discover_packages(prefix_path) check parameters
[0.192s] Level 1:colcon.colcon_core.package_discovery:discover_packages(prefix_path) discover
[0.193s] DEBUG:colcon.colcon_installed_package_information.package_discovery:Found 271 installed packages in /opt/ros/humble
[0.194s] Level 1:colcon.colcon_core.package_discovery:discover_packages(prefix_path) using defaults
[0.222s] Level 5:colcon.colcon_core.verb:set package 'driver_msgs' build argument 'cmake_args' from command line to 'None'
[0.222s] Level 5:colcon.colcon_core.verb:set package 'driver_msgs' build argument 'cmake_target' from command line to 'None'
[0.222s] Level 5:colcon.colcon_core.verb:set package 'driver_msgs' build argument 'cmake_target_skip_unavailable' from command line to 'False'
[0.222s] Level 5:colcon.colcon_core.verb:set package 'driver_msgs' build argument 'cmake_clean_cache' from command line to 'False'
[0.222s] Level 5:colcon.colcon_core.verb:set package 'driver_msgs' build argument 'cmake_clean_first' from command line to 'False'
[0.222s] Level 5:colcon.colcon_core.verb:set package 'driver_msgs' build argument 'cmake_force_configure' from command line to 'False'
[0.222s] Level 5:colcon.colcon_core.verb:set package 'driver_msgs' build argument 'ament_cmake_args' from command line to 'None'
[0.222s] Level 5:colcon.colcon_core.verb:set package 'driver_msgs' build argument 'catkin_cmake_args' from command line to 'None'
[0.222s] Level 5:colcon.colcon_core.verb:set package 'driver_msgs' build argument 'catkin_skip_building_tests' from command line to 'False'
[0.222s] DEBUG:colcon.colcon_core.verb:Building package 'driver_msgs' with the following arguments: {'ament_cmake_args': None, 'build_base': '/home/ljm/catkin_ws/build/driver_msgs', 'catkin_cmake_args': None, 'catkin_skip_building_tests': False, 'cmake_args': None, 'cmake_clean_cache': False, 'cmake_clean_first': False, 'cmake_force_configure': False, 'cmake_target': None, 'cmake_target_skip_unavailable': False, 'install_base': '/home/ljm/catkin_ws/install/driver_msgs', 'merge_install': False, 'path': '/home/ljm/catkin_ws/src/driver_msgs', 'symlink_install': False, 'test_result_base': None}
[0.222s] INFO:colcon.colcon_core.executor:Executing jobs using 'parallel' executor
[0.223s] DEBUG:colcon.colcon_parallel_executor.executor.parallel:run_until_complete
[0.223s] INFO:colcon.colcon_ros.task.ament_cmake.build:Building ROS package in '/home/ljm/catkin_ws/src/driver_msgs' with build type 'ament_cmake'
[0.223s] INFO:colcon.colcon_cmake.task.cmake.build:Building CMake package in '/home/ljm/catkin_ws/src/driver_msgs'
[0.224s] INFO:colcon.colcon_core.plugin_system:Skipping extension 'colcon_core.shell.bat': Not used on non-Windows systems
[0.224s] INFO:colcon.colcon_core.shell:Skip shell extension 'powershell' for command environment: Not usable outside of PowerShell
[0.224s] DEBUG:colcon.colcon_core.shell:Skip shell extension 'dsv' for command environment
[0.231s] DEBUG:colcon.colcon_core.event_handler.log_command:Invoking command in '/home/ljm/catkin_ws/build/driver_msgs': CMAKE_PREFIX_PATH=/opt/ros/humble /usr/bin/cmake /home/ljm/catkin_ws/src/driver_msgs -DCMAKE_INSTALL_PREFIX=/home/ljm/catkin_ws/install/driver_msgs
[1.214s] DEBUG:colcon.colcon_core.event_handler.log_command:Invoked command in '/home/ljm/catkin_ws/build/driver_msgs' returned '0': CMAKE_PREFIX_PATH=/opt/ros/humble /usr/bin/cmake /home/ljm/catkin_ws/src/driver_msgs -DCMAKE_INSTALL_PREFIX=/home/ljm/catkin_ws/install/driver_msgs
[1.214s] DEBUG:colcon.colcon_core.event_handler.log_command:Invoking command in '/home/ljm/catkin_ws/build/driver_msgs': CMAKE_PREFIX_PATH=/opt/ros/humble /usr/bin/cmake --build /home/ljm/catkin_ws/build/driver_msgs -- -j14 -l14
[2.626s] DEBUG:colcon.colcon_core.event_handler.log_command:Invoked command in '/home/ljm/catkin_ws/build/driver_msgs' returned '0': CMAKE_PREFIX_PATH=/opt/ros/humble /usr/bin/cmake --build /home/ljm/catkin_ws/build/driver_msgs -- -j14 -l14
[2.634s] DEBUG:colcon.colcon_core.event_handler.log_command:Invoking command in '/home/ljm/catkin_ws/build/driver_msgs': CMAKE_PREFIX_PATH=/opt/ros/humble /usr/bin/cmake --install /home/ljm/catkin_ws/build/driver_msgs
[2.684s] Level 1:colcon.colcon_core.environment:create_environment_scripts_only(driver_msgs)
[2.685s] DEBUG:colcon.colcon_core.event_handler.log_command:Invoked command in '/home/ljm/catkin_ws/build/driver_msgs' returned '0': CMAKE_PREFIX_PATH=/opt/ros/humble /usr/bin/cmake --install /home/ljm/catkin_ws/build/driver_msgs
[2.686s] Level 1:colcon.colcon_core.environment:checking '/home/ljm/catkin_ws/install/driver_msgs' for CMake module files
[2.687s] Level 1:colcon.colcon_core.environment:checking '/home/ljm/catkin_ws/install/driver_msgs' for CMake config files
[2.687s] Level 1:colcon.colcon_core.shell:create_environment_hook('driver_msgs', 'cmake_prefix_path')
[2.687s] INFO:colcon.colcon_core.shell:Creating environment hook '/home/ljm/catkin_ws/install/driver_msgs/share/driver_msgs/hook/cmake_prefix_path.ps1'
[2.688s] INFO:colcon.colcon_core.shell:Creating environment descriptor '/home/ljm/catkin_ws/install/driver_msgs/share/driver_msgs/hook/cmake_prefix_path.dsv'
[2.688s] INFO:colcon.colcon_core.shell:Creating environment hook '/home/ljm/catkin_ws/install/driver_msgs/share/driver_msgs/hook/cmake_prefix_path.sh'
[2.689s] Level 1:colcon.colcon_core.environment:checking '/home/ljm/catkin_ws/install/driver_msgs/lib'
[2.689s] Level 1:colcon.colcon_core.shell:create_environment_hook('driver_msgs', 'ld_library_path_lib')
[2.689s] INFO:colcon.colcon_core.shell:Creating environment hook '/home/ljm/catkin_ws/install/driver_msgs/share/driver_msgs/hook/ld_library_path_lib.ps1'
[2.689s] INFO:colcon.colcon_core.shell:Creating environment descriptor '/home/ljm/catkin_ws/install/driver_msgs/share/driver_msgs/hook/ld_library_path_lib.dsv'
[2.689s] INFO:colcon.colcon_core.shell:Creating environment hook '/home/ljm/catkin_ws/install/driver_msgs/share/driver_msgs/hook/ld_library_path_lib.sh'
[2.690s] Level 1:colcon.colcon_core.environment:checking '/home/ljm/catkin_ws/install/driver_msgs/bin'
[2.690s] Level 1:colcon.colcon_core.environment:checking '/home/ljm/catkin_ws/install/driver_msgs/lib/pkgconfig/driver_msgs.pc'
[2.690s] Level 1:colcon.colcon_core.environment:checking '/home/ljm/catkin_ws/install/driver_msgs/lib/python3.10/site-packages'
[2.690s] Level 1:colcon.colcon_core.environment:checking '/home/ljm/catkin_ws/install/driver_msgs/bin'
[2.690s] INFO:colcon.colcon_core.shell:Creating package script '/home/ljm/catkin_ws/install/driver_msgs/share/driver_msgs/package.ps1'
[2.691s] INFO:colcon.colcon_core.shell:Creating package descriptor '/home/ljm/catkin_ws/install/driver_msgs/share/driver_msgs/package.dsv'
[2.691s] INFO:colcon.colcon_core.shell:Creating package script '/home/ljm/catkin_ws/install/driver_msgs/share/driver_msgs/package.sh'
[2.691s] INFO:colcon.colcon_core.shell:Creating package script '/home/ljm/catkin_ws/install/driver_msgs/share/driver_msgs/package.bash'
[2.692s] INFO:colcon.colcon_core.shell:Creating package script '/home/ljm/catkin_ws/install/driver_msgs/share/driver_msgs/package.zsh'
[2.692s] Level 1:colcon.colcon_core.environment:create_file_with_runtime_dependencies(/home/ljm/catkin_ws/install/driver_msgs/share/colcon-core/packages/driver_msgs)
[2.693s] Level 1:colcon.colcon_core.environment:create_environment_scripts_only(driver_msgs)
[2.693s] Level 1:colcon.colcon_core.environment:checking '/home/ljm/catkin_ws/install/driver_msgs' for CMake module files
[2.694s] Level 1:colcon.colcon_core.environment:checking '/home/ljm/catkin_ws/install/driver_msgs' for CMake config files
[2.694s] Level 1:colcon.colcon_core.shell:create_environment_hook('driver_msgs', 'cmake_prefix_path')
[2.694s] INFO:colcon.colcon_core.shell:Creating environment hook '/home/ljm/catkin_ws/install/driver_msgs/share/driver_msgs/hook/cmake_prefix_path.ps1'
[2.694s] INFO:colcon.colcon_core.shell:Creating environment descriptor '/home/ljm/catkin_ws/install/driver_msgs/share/driver_msgs/hook/cmake_prefix_path.dsv'
[2.695s] INFO:colcon.colcon_core.shell:Creating environment hook '/home/ljm/catkin_ws/install/driver_msgs/share/driver_msgs/hook/cmake_prefix_path.sh'
[2.695s] Level 1:colcon.colcon_core.environment:checking '/home/ljm/catkin_ws/install/driver_msgs/lib'
[2.695s] Level 1:colcon.colcon_core.shell:create_environment_hook('driver_msgs', 'ld_library_path_lib')
[2.695s] INFO:colcon.colcon_core.shell:Creating environment hook '/home/ljm/catkin_ws/install/driver_msgs/share/driver_msgs/hook/ld_library_path_lib.ps1'
[2.696s] INFO:colcon.colcon_core.shell:Creating environment descriptor '/home/ljm/catkin_ws/install/driver_msgs/share/driver_msgs/hook/ld_library_path_lib.dsv'
[2.696s] INFO:colcon.colcon_core.shell:Creating environment hook '/home/ljm/catkin_ws/install/driver_msgs/share/driver_msgs/hook/ld_library_path_lib.sh'
[2.696s] Level 1:colcon.colcon_core.environment:checking '/home/ljm/catkin_ws/install/driver_msgs/bin'
[2.696s] Level 1:colcon.colcon_core.environment:checking '/home/ljm/catkin_ws/install/driver_msgs/lib/pkgconfig/driver_msgs.pc'
[2.696s] Level 1:colcon.colcon_core.environment:checking '/home/ljm/catkin_ws/install/driver_msgs/lib/python3.10/site-packages'
[2.697s] Level 1:colcon.colcon_core.environment:checking '/home/ljm/catkin_ws/install/driver_msgs/bin'
[2.697s] INFO:colcon.colcon_core.shell:Creating package script '/home/ljm/catkin_ws/install/driver_msgs/share/driver_msgs/package.ps1'
[2.697s] INFO:colcon.colcon_core.shell:Creating package descriptor '/home/ljm/catkin_ws/install/driver_msgs/share/driver_msgs/package.dsv'
[2.697s] INFO:colcon.colcon_core.shell:Creating package script '/home/ljm/catkin_ws/install/driver_msgs/share/driver_msgs/package.sh'
[2.698s] INFO:colcon.colcon_core.shell:Creating package script '/home/ljm/catkin_ws/install/driver_msgs/share/driver_msgs/package.bash'
[2.698s] INFO:colcon.colcon_core.shell:Creating package script '/home/ljm/catkin_ws/install/driver_msgs/share/driver_msgs/package.zsh'
[2.699s] Level 1:colcon.colcon_core.environment:create_file_with_runtime_dependencies(/home/ljm/catkin_ws/install/driver_msgs/share/colcon-core/packages/driver_msgs)
[2.699s] DEBUG:colcon.colcon_parallel_executor.executor.parallel:closing loop
[2.699s] DEBUG:colcon.colcon_parallel_executor.executor.parallel:loop closed
[2.699s] DEBUG:colcon.colcon_parallel_executor.executor.parallel:run_until_complete finished with '0'
[2.699s] DEBUG:colcon.colcon_core.event_reactor:joining thread
[2.703s] INFO:colcon.colcon_core.plugin_system:Skipping extension 'colcon_notification.desktop_notification.terminal_notifier': Not used on non-Darwin systems
[2.703s] INFO:colcon.colcon_core.plugin_system:Skipping extension 'colcon_notification.desktop_notification.win32': Not used on non-Windows systems
[2.703s] INFO:colcon.colcon_notification.desktop_notification:Sending desktop notification using 'notify2'
[2.711s] DEBUG:colcon.colcon_core.event_reactor:joined thread
[2.712s] INFO:colcon.colcon_core.shell:Creating prefix script '/home/ljm/catkin_ws/install/local_setup.ps1'
[2.713s] INFO:colcon.colcon_core.shell:Creating prefix util module '/home/ljm/catkin_ws/install/_local_setup_util_ps1.py'
[2.716s] INFO:colcon.colcon_core.shell:Creating prefix chain script '/home/ljm/catkin_ws/install/setup.ps1'
[2.718s] INFO:colcon.colcon_core.shell:Creating prefix script '/home/ljm/catkin_ws/install/local_setup.sh'
[2.718s] INFO:colcon.colcon_core.shell:Creating prefix util module '/home/ljm/catkin_ws/install/_local_setup_util_sh.py'
[2.718s] INFO:colcon.colcon_core.shell:Creating prefix chain script '/home/ljm/catkin_ws/install/setup.sh'
[2.719s] INFO:colcon.colcon_core.shell:Creating prefix script '/home/ljm/catkin_ws/install/local_setup.bash'
[2.719s] INFO:colcon.colcon_core.shell:Creating prefix chain script '/home/ljm/catkin_ws/install/setup.bash'
[2.720s] INFO:colcon.colcon_core.shell:Creating prefix script '/home/ljm/catkin_ws/install/local_setup.zsh'
[2.720s] INFO:colcon.colcon_core.shell:Creating prefix chain script '/home/ljm/catkin_ws/install/setup.zsh'
