[0.015s] Invoking command in '/home/ljm/catkin_ws/build/driver': CMAKE_PREFIX_PATH=${CMAKE_PREFIX_PATH}:/home/ljm/catkin_ws/install/process:/opt/ros/humble /usr/bin/cmake /home/ljm/catkin_ws/src/driver -DCMAKE_INSTALL_PREFIX=/home/ljm/catkin_ws/install/driver
[0.040s] -- Found ament_cmake: 1.3.11 (/opt/ros/humble/share/ament_cmake/cmake)
[0.176s] -- Found rclcpp: 16.0.12 (/opt/ros/humble/share/rclcpp/cmake)
[0.196s] -- Found rosidl_generator_c: 3.1.6 (/opt/ros/humble/share/rosidl_generator_c/cmake)
[0.198s] -- Found rosidl_adapter: 3.1.6 (/opt/ros/humble/share/rosidl_adapter/cmake)
[0.204s] -- Found rosidl_generator_cpp: 3.1.6 (/opt/ros/humble/share/rosidl_generator_cpp/cmake)
[0.212s] -- Using all available rosidl_typesupport_c: rosidl_typesupport_fastrtps_c;rosidl_typesupport_introspection_c
[0.225s] -- Using all available rosidl_typesupport_cpp: rosidl_typesupport_fastrtps_cpp;rosidl_typesupport_introspection_cpp
[0.251s] -- Found rmw_implementation_cmake: 6.1.2 (/opt/ros/humble/share/rmw_implementation_cmake/cmake)
[0.252s] -- Found rmw_fastrtps_cpp: 6.2.7 (/opt/ros/humble/share/rmw_fastrtps_cpp/cmake)
[0.332s] -- Using RMW implementation 'rmw_fastrtps_cpp' as default
[0.368s] -- Found geometry_msgs: 4.8.0 (/opt/ros/humble/share/geometry_msgs/cmake)
[0.375s] -- Found driver_msgs: 0.0.0 (/home/ljm/catkin_ws/install/driver_msgs/share/driver_msgs/cmake)
[0.388s] -- Found ament_lint_auto: 0.12.12 (/opt/ros/humble/share/ament_lint_auto/cmake)
[0.453s] -- Added test 'cppcheck' to perform static code analysis on C / C++ code
[0.453s] -- Configured cppcheck include dirs: 
[0.453s] -- Configured cppcheck exclude dirs and/or files: 
[0.454s] -- Added test 'lint_cmake' to check CMake code style
[0.454s] -- Added test 'uncrustify' to check C / C++ code style
[0.454s] -- Configured uncrustify additional arguments: 
[0.455s] -- Added test 'xmllint' to check XML markup files
[0.455s] -- Configuring done
[0.465s] -- Generating done
[0.467s] -- Build files have been written to: /home/ljm/catkin_ws/build/driver
[0.474s] Invoked command in '/home/ljm/catkin_ws/build/driver' returned '0': CMAKE_PREFIX_PATH=${CMAKE_PREFIX_PATH}:/home/ljm/catkin_ws/install/process:/opt/ros/humble /usr/bin/cmake /home/ljm/catkin_ws/src/driver -DCMAKE_INSTALL_PREFIX=/home/ljm/catkin_ws/install/driver
[0.474s] Invoking command in '/home/ljm/catkin_ws/build/driver': CMAKE_PREFIX_PATH=${CMAKE_PREFIX_PATH}:/home/ljm/catkin_ws/install/process:/opt/ros/humble /usr/bin/cmake --build /home/ljm/catkin_ws/build/driver -- -j14 -l14
[0.512s] [ 50%] [32mBuilding CXX object CMakeFiles/driver_node.dir/src/driver_node.cpp.o[0m
[3.683s] [100%] [32m[1mLinking CXX executable driver_node[0m
[3.858s] [100%] Built target driver_node
[3.869s] Invoked command in '/home/ljm/catkin_ws/build/driver' returned '0': CMAKE_PREFIX_PATH=${CMAKE_PREFIX_PATH}:/home/ljm/catkin_ws/install/process:/opt/ros/humble /usr/bin/cmake --build /home/ljm/catkin_ws/build/driver -- -j14 -l14
[3.872s] Invoking command in '/home/ljm/catkin_ws/build/driver': CMAKE_PREFIX_PATH=${CMAKE_PREFIX_PATH}:/home/ljm/catkin_ws/install/process:/opt/ros/humble /usr/bin/cmake --install /home/ljm/catkin_ws/build/driver
[3.878s] -- Install configuration: ""
[3.878s] -- Installing: /home/ljm/catkin_ws/install/driver/lib/driver/driver_node
[3.879s] -- Set runtime path of "/home/ljm/catkin_ws/install/driver/lib/driver/driver_node" to ""
[3.880s] -- Installing: /home/ljm/catkin_ws/install/driver/share/ament_index/resource_index/package_run_dependencies/driver
[3.880s] -- Installing: /home/ljm/catkin_ws/install/driver/share/ament_index/resource_index/parent_prefix_path/driver
[3.880s] -- Installing: /home/ljm/catkin_ws/install/driver/share/driver/environment/ament_prefix_path.sh
[3.880s] -- Installing: /home/ljm/catkin_ws/install/driver/share/driver/environment/ament_prefix_path.dsv
[3.880s] -- Installing: /home/ljm/catkin_ws/install/driver/share/driver/environment/path.sh
[3.880s] -- Installing: /home/ljm/catkin_ws/install/driver/share/driver/environment/path.dsv
[3.880s] -- Installing: /home/ljm/catkin_ws/install/driver/share/driver/local_setup.bash
[3.880s] -- Installing: /home/ljm/catkin_ws/install/driver/share/driver/local_setup.sh
[3.880s] -- Installing: /home/ljm/catkin_ws/install/driver/share/driver/local_setup.zsh
[3.881s] -- Installing: /home/ljm/catkin_ws/install/driver/share/driver/local_setup.dsv
[3.881s] -- Installing: /home/ljm/catkin_ws/install/driver/share/driver/package.dsv
[3.881s] -- Installing: /home/ljm/catkin_ws/install/driver/share/ament_index/resource_index/packages/driver
[3.881s] -- Installing: /home/ljm/catkin_ws/install/driver/share/driver/cmake/driverConfig.cmake
[3.881s] -- Installing: /home/ljm/catkin_ws/install/driver/share/driver/cmake/driverConfig-version.cmake
[3.881s] -- Installing: /home/ljm/catkin_ws/install/driver/share/driver/package.xml
[3.883s] Invoked command in '/home/ljm/catkin_ws/build/driver' returned '0': CMAKE_PREFIX_PATH=${CMAKE_PREFIX_PATH}:/home/ljm/catkin_ws/install/process:/opt/ros/humble /usr/bin/cmake --install /home/ljm/catkin_ws/build/driver
