[0.017s] Invoking command in '/home/ljm/catkin_ws/build/driver': CMAKE_PREFIX_PATH=/opt/ros/humble /usr/bin/cmake /home/ljm/catkin_ws/src/driver -DCMAKE_INSTALL_PREFIX=/home/ljm/catkin_ws/install/driver
[0.030s] -- Found ament_cmake: 1.3.11 (/opt/ros/humble/share/ament_cmake/cmake)
[0.161s] -- Found rclcpp: 16.0.12 (/opt/ros/humble/share/rclcpp/cmake)
[0.183s] -- Found rosidl_generator_c: 3.1.6 (/opt/ros/humble/share/rosidl_generator_c/cmake)
[0.185s] -- Found rosidl_adapter: 3.1.6 (/opt/ros/humble/share/rosidl_adapter/cmake)
[0.191s] -- Found rosidl_generator_cpp: 3.1.6 (/opt/ros/humble/share/rosidl_generator_cpp/cmake)
[0.198s] -- Using all available rosidl_typesupport_c: rosidl_typesupport_fastrtps_c;rosidl_typesupport_introspection_c
[0.214s] -- Using all available rosidl_typesupport_cpp: rosidl_typesupport_fastrtps_cpp;rosidl_typesupport_introspection_cpp
[0.240s] -- Found rmw_implementation_cmake: 6.1.2 (/opt/ros/humble/share/rmw_implementation_cmake/cmake)
[0.241s] -- Found rmw_fastrtps_cpp: 6.2.7 (/opt/ros/humble/share/rmw_fastrtps_cpp/cmake)
[0.318s] -- Using RMW implementation 'rmw_fastrtps_cpp' as default
[0.361s] -- Found geometry_msgs: 4.8.0 (/opt/ros/humble/share/geometry_msgs/cmake)
[0.382s] [31mCMake Error at CMakeLists.txt:13 (find_package):
[0.382s]   By not providing "Finddriver_msgs.cmake" in CMAKE_MODULE_PATH this project
[0.382s]   has asked CMake to find a package configuration file provided by
[0.382s]   "driver_msgs", but CMake did not find one.
[0.382s] 
[0.382s]   Could not find a package configuration file provided by "driver_msgs" with
[0.382s]   any of the following names:
[0.382s] 
[0.382s]     driver_msgsConfig.cmake
[0.382s]     driver_msgs-config.cmake
[0.382s] 
[0.382s]   Add the installation prefix of "driver_msgs" to CMAKE_PREFIX_PATH or set
[0.382s]   "driver_msgs_DIR" to a directory containing one of the above files.  If
[0.382s]   "driver_msgs" provides a separate development package or SDK, be sure it
[0.383s]   has been installed.
[0.383s] 
[0.383s] [0m
[0.388s] -- Configuring incomplete, errors occurred!
[0.388s] See also "/home/ljm/catkin_ws/build/driver/CMakeFiles/CMakeOutput.log".
[0.402s] Invoked command in '/home/ljm/catkin_ws/build/driver' returned '1': CMAKE_PREFIX_PATH=/opt/ros/humble /usr/bin/cmake /home/ljm/catkin_ws/src/driver -DCMAKE_INSTALL_PREFIX=/home/ljm/catkin_ws/install/driver
