[0.081s] DEBUG:colcon:Command line arguments: ['/usr/bin/colcon', 'build', '--packages-select', 'driver', 'process', 'driver_msgs']
[0.081s] DEBUG:colcon:Parsed command line arguments: Namespace(log_base=None, log_level=None, verb_name='build', build_base='build', install_base='install', merge_install=False, symlink_install=False, test_result_base=None, continue_on_error=False, executor='parallel', parallel_workers=14, event_handlers=None, ignore_user_meta=False, metas=['./colcon.meta'], base_paths=['.'], packages_ignore=None, packages_ignore_regex=None, paths=None, packages_up_to=None, packages_up_to_regex=None, packages_above=None, packages_above_and_dependencies=None, packages_above_depth=None, packages_select_by_dep=None, packages_skip_by_dep=None, packages_skip_up_to=None, packages_select_build_failed=False, packages_skip_build_finished=False, packages_select_test_failures=False, packages_skip_test_passed=False, packages_select=['driver', 'process', 'driver_msgs'], packages_skip=None, packages_select_regex=None, packages_skip_regex=None, packages_start=None, packages_end=None, allow_overriding=[], cmake_args=None, cmake_target=None, cmake_target_skip_unavailable=False, cmake_clean_cache=False, cmake_clean_first=False, cmake_force_configure=False, ament_cmake_args=None, catkin_cmake_args=None, catkin_skip_building_tests=False, verb_parser=<colcon_defaults.argument_parser.defaults.DefaultArgumentsDecorator object at 0x7a9d854aece0>, verb_extension=<colcon_core.verb.build.BuildVerb object at 0x7a9d854ae800>, main=<bound method BuildVerb.main of <colcon_core.verb.build.BuildVerb object at 0x7a9d854ae800>>)
[0.174s] Level 1:colcon.colcon_core.package_discovery:discover_packages(colcon_meta) check parameters
[0.174s] Level 1:colcon.colcon_core.package_discovery:discover_packages(recursive) check parameters
[0.174s] Level 1:colcon.colcon_core.package_discovery:discover_packages(ignore) check parameters
[0.174s] Level 1:colcon.colcon_core.package_discovery:discover_packages(path) check parameters
[0.174s] Level 1:colcon.colcon_core.package_discovery:discover_packages(colcon_meta) discover
[0.175s] Level 1:colcon.colcon_core.package_discovery:discover_packages(recursive) discover
[0.175s] INFO:colcon.colcon_core.package_discovery:Crawling recursively for packages in '/home/ljm/catkin_ws'
[0.175s] Level 1:colcon.colcon_core.package_identification:_identify(.) by extensions ['ignore', 'ignore_ament_install']
[0.175s] Level 1:colcon.colcon_core.package_identification:_identify(.) by extension 'ignore'
[0.175s] Level 1:colcon.colcon_core.package_identification:_identify(.) by extension 'ignore_ament_install'
[0.175s] Level 1:colcon.colcon_core.package_identification:_identify(.) by extensions ['colcon_pkg']
[0.175s] Level 1:colcon.colcon_core.package_identification:_identify(.) by extension 'colcon_pkg'
[0.175s] Level 1:colcon.colcon_core.package_identification:_identify(.) by extensions ['colcon_meta']
[0.175s] Level 1:colcon.colcon_core.package_identification:_identify(.) by extension 'colcon_meta'
[0.175s] Level 1:colcon.colcon_core.package_identification:_identify(.) by extensions ['ros']
[0.175s] Level 1:colcon.colcon_core.package_identification:_identify(.) by extension 'ros'
[0.183s] Level 1:colcon.colcon_core.package_identification:_identify(.) by extensions ['cmake', 'python']
[0.183s] Level 1:colcon.colcon_core.package_identification:_identify(.) by extension 'cmake'
[0.183s] Level 1:colcon.colcon_core.package_identification:_identify(.) by extension 'python'
[0.183s] Level 1:colcon.colcon_core.package_identification:_identify(.) by extensions ['python_setup_py']
[0.183s] Level 1:colcon.colcon_core.package_identification:_identify(.) by extension 'python_setup_py'
[0.183s] Level 1:colcon.colcon_core.package_identification:_identify(build) by extensions ['ignore', 'ignore_ament_install']
[0.183s] Level 1:colcon.colcon_core.package_identification:_identify(build) by extension 'ignore'
[0.183s] Level 1:colcon.colcon_core.package_identification:_identify(build) ignored
[0.183s] Level 1:colcon.colcon_core.package_identification:_identify(install) by extensions ['ignore', 'ignore_ament_install']
[0.183s] Level 1:colcon.colcon_core.package_identification:_identify(install) by extension 'ignore'
[0.183s] Level 1:colcon.colcon_core.package_identification:_identify(install) ignored
[0.183s] Level 1:colcon.colcon_core.package_identification:_identify(log) by extensions ['ignore', 'ignore_ament_install']
[0.183s] Level 1:colcon.colcon_core.package_identification:_identify(log) by extension 'ignore'
[0.183s] Level 1:colcon.colcon_core.package_identification:_identify(log) ignored
[0.183s] Level 1:colcon.colcon_core.package_identification:_identify(src) by extensions ['ignore', 'ignore_ament_install']
[0.183s] Level 1:colcon.colcon_core.package_identification:_identify(src) by extension 'ignore'
[0.183s] Level 1:colcon.colcon_core.package_identification:_identify(src) by extension 'ignore_ament_install'
[0.183s] Level 1:colcon.colcon_core.package_identification:_identify(src) by extensions ['colcon_pkg']
[0.183s] Level 1:colcon.colcon_core.package_identification:_identify(src) by extension 'colcon_pkg'
[0.184s] Level 1:colcon.colcon_core.package_identification:_identify(src) by extensions ['colcon_meta']
[0.184s] Level 1:colcon.colcon_core.package_identification:_identify(src) by extension 'colcon_meta'
[0.184s] Level 1:colcon.colcon_core.package_identification:_identify(src) by extensions ['ros']
[0.184s] Level 1:colcon.colcon_core.package_identification:_identify(src) by extension 'ros'
[0.184s] Level 1:colcon.colcon_core.package_identification:_identify(src) by extensions ['cmake', 'python']
[0.184s] Level 1:colcon.colcon_core.package_identification:_identify(src) by extension 'cmake'
[0.184s] Level 1:colcon.colcon_core.package_identification:_identify(src) by extension 'python'
[0.184s] Level 1:colcon.colcon_core.package_identification:_identify(src) by extensions ['python_setup_py']
[0.184s] Level 1:colcon.colcon_core.package_identification:_identify(src) by extension 'python_setup_py'
[0.184s] Level 1:colcon.colcon_core.package_identification:_identify(src/driver) by extensions ['ignore', 'ignore_ament_install']
[0.184s] Level 1:colcon.colcon_core.package_identification:_identify(src/driver) by extension 'ignore'
[0.184s] Level 1:colcon.colcon_core.package_identification:_identify(src/driver) by extension 'ignore_ament_install'
[0.184s] Level 1:colcon.colcon_core.package_identification:_identify(src/driver) by extensions ['colcon_pkg']
[0.184s] Level 1:colcon.colcon_core.package_identification:_identify(src/driver) by extension 'colcon_pkg'
[0.184s] Level 1:colcon.colcon_core.package_identification:_identify(src/driver) by extensions ['colcon_meta']
[0.184s] Level 1:colcon.colcon_core.package_identification:_identify(src/driver) by extension 'colcon_meta'
[0.184s] Level 1:colcon.colcon_core.package_identification:_identify(src/driver) by extensions ['ros']
[0.184s] Level 1:colcon.colcon_core.package_identification:_identify(src/driver) by extension 'ros'
[0.186s] DEBUG:colcon.colcon_core.package_identification:Package 'src/driver' with type 'ros.ament_cmake' and name 'driver'
[0.186s] Level 1:colcon.colcon_core.package_identification:_identify(src/driver_msgs) by extensions ['ignore', 'ignore_ament_install']
[0.186s] Level 1:colcon.colcon_core.package_identification:_identify(src/driver_msgs) by extension 'ignore'
[0.186s] Level 1:colcon.colcon_core.package_identification:_identify(src/driver_msgs) by extension 'ignore_ament_install'
[0.186s] Level 1:colcon.colcon_core.package_identification:_identify(src/driver_msgs) by extensions ['colcon_pkg']
[0.186s] Level 1:colcon.colcon_core.package_identification:_identify(src/driver_msgs) by extension 'colcon_pkg'
[0.186s] Level 1:colcon.colcon_core.package_identification:_identify(src/driver_msgs) by extensions ['colcon_meta']
[0.186s] Level 1:colcon.colcon_core.package_identification:_identify(src/driver_msgs) by extension 'colcon_meta'
[0.186s] Level 1:colcon.colcon_core.package_identification:_identify(src/driver_msgs) by extensions ['ros']
[0.186s] Level 1:colcon.colcon_core.package_identification:_identify(src/driver_msgs) by extension 'ros'
[0.186s] DEBUG:colcon.colcon_core.package_identification:Package 'src/driver_msgs' with type 'ros.ament_cmake' and name 'driver_msgs'
[0.186s] Level 1:colcon.colcon_core.package_identification:_identify(src/process) by extensions ['ignore', 'ignore_ament_install']
[0.187s] Level 1:colcon.colcon_core.package_identification:_identify(src/process) by extension 'ignore'
[0.187s] Level 1:colcon.colcon_core.package_identification:_identify(src/process) by extension 'ignore_ament_install'
[0.187s] Level 1:colcon.colcon_core.package_identification:_identify(src/process) by extensions ['colcon_pkg']
[0.187s] Level 1:colcon.colcon_core.package_identification:_identify(src/process) by extension 'colcon_pkg'
[0.187s] Level 1:colcon.colcon_core.package_identification:_identify(src/process) by extensions ['colcon_meta']
[0.187s] Level 1:colcon.colcon_core.package_identification:_identify(src/process) by extension 'colcon_meta'
[0.187s] Level 1:colcon.colcon_core.package_identification:_identify(src/process) by extensions ['ros']
[0.187s] Level 1:colcon.colcon_core.package_identification:_identify(src/process) by extension 'ros'
[0.187s] DEBUG:colcon.colcon_core.package_identification:Package 'src/process' with type 'ros.ament_python' and name 'process'
[0.187s] Level 1:colcon.colcon_core.package_discovery:discover_packages(recursive) using defaults
[0.187s] Level 1:colcon.colcon_core.package_discovery:discover_packages(ignore) discover
[0.187s] Level 1:colcon.colcon_core.package_discovery:discover_packages(ignore) using defaults
[0.187s] Level 1:colcon.colcon_core.package_discovery:discover_packages(path) discover
[0.187s] Level 1:colcon.colcon_core.package_discovery:discover_packages(path) using defaults
[0.200s] Level 1:colcon.colcon_core.package_discovery:discover_packages(prefix_path) check parameters
[0.200s] Level 1:colcon.colcon_core.package_discovery:discover_packages(prefix_path) discover
[0.202s] DEBUG:colcon.colcon_installed_package_information.package_discovery:Found 271 installed packages in /opt/ros/humble
[0.203s] Level 1:colcon.colcon_core.package_discovery:discover_packages(prefix_path) using defaults
[0.231s] Level 5:colcon.colcon_core.verb:set package 'driver' build argument 'cmake_args' from command line to 'None'
[0.231s] Level 5:colcon.colcon_core.verb:set package 'driver' build argument 'cmake_target' from command line to 'None'
[0.231s] Level 5:colcon.colcon_core.verb:set package 'driver' build argument 'cmake_target_skip_unavailable' from command line to 'False'
[0.231s] Level 5:colcon.colcon_core.verb:set package 'driver' build argument 'cmake_clean_cache' from command line to 'False'
[0.231s] Level 5:colcon.colcon_core.verb:set package 'driver' build argument 'cmake_clean_first' from command line to 'False'
[0.231s] Level 5:colcon.colcon_core.verb:set package 'driver' build argument 'cmake_force_configure' from command line to 'False'
[0.231s] Level 5:colcon.colcon_core.verb:set package 'driver' build argument 'ament_cmake_args' from command line to 'None'
[0.231s] Level 5:colcon.colcon_core.verb:set package 'driver' build argument 'catkin_cmake_args' from command line to 'None'
[0.231s] Level 5:colcon.colcon_core.verb:set package 'driver' build argument 'catkin_skip_building_tests' from command line to 'False'
[0.231s] DEBUG:colcon.colcon_core.verb:Building package 'driver' with the following arguments: {'ament_cmake_args': None, 'build_base': '/home/ljm/catkin_ws/build/driver', 'catkin_cmake_args': None, 'catkin_skip_building_tests': False, 'cmake_args': None, 'cmake_clean_cache': False, 'cmake_clean_first': False, 'cmake_force_configure': False, 'cmake_target': None, 'cmake_target_skip_unavailable': False, 'install_base': '/home/ljm/catkin_ws/install/driver', 'merge_install': False, 'path': '/home/ljm/catkin_ws/src/driver', 'symlink_install': False, 'test_result_base': None}
[0.232s] Level 5:colcon.colcon_core.verb:set package 'driver_msgs' build argument 'cmake_args' from command line to 'None'
[0.232s] Level 5:colcon.colcon_core.verb:set package 'driver_msgs' build argument 'cmake_target' from command line to 'None'
[0.232s] Level 5:colcon.colcon_core.verb:set package 'driver_msgs' build argument 'cmake_target_skip_unavailable' from command line to 'False'
[0.232s] Level 5:colcon.colcon_core.verb:set package 'driver_msgs' build argument 'cmake_clean_cache' from command line to 'False'
[0.232s] Level 5:colcon.colcon_core.verb:set package 'driver_msgs' build argument 'cmake_clean_first' from command line to 'False'
[0.232s] Level 5:colcon.colcon_core.verb:set package 'driver_msgs' build argument 'cmake_force_configure' from command line to 'False'
[0.232s] Level 5:colcon.colcon_core.verb:set package 'driver_msgs' build argument 'ament_cmake_args' from command line to 'None'
[0.232s] Level 5:colcon.colcon_core.verb:set package 'driver_msgs' build argument 'catkin_cmake_args' from command line to 'None'
[0.232s] Level 5:colcon.colcon_core.verb:set package 'driver_msgs' build argument 'catkin_skip_building_tests' from command line to 'False'
[0.232s] DEBUG:colcon.colcon_core.verb:Building package 'driver_msgs' with the following arguments: {'ament_cmake_args': None, 'build_base': '/home/ljm/catkin_ws/build/driver_msgs', 'catkin_cmake_args': None, 'catkin_skip_building_tests': False, 'cmake_args': None, 'cmake_clean_cache': False, 'cmake_clean_first': False, 'cmake_force_configure': False, 'cmake_target': None, 'cmake_target_skip_unavailable': False, 'install_base': '/home/ljm/catkin_ws/install/driver_msgs', 'merge_install': False, 'path': '/home/ljm/catkin_ws/src/driver_msgs', 'symlink_install': False, 'test_result_base': None}
[0.232s] Level 5:colcon.colcon_core.verb:set package 'process' build argument 'cmake_args' from command line to 'None'
[0.232s] Level 5:colcon.colcon_core.verb:set package 'process' build argument 'cmake_target' from command line to 'None'
[0.232s] Level 5:colcon.colcon_core.verb:set package 'process' build argument 'cmake_target_skip_unavailable' from command line to 'False'
[0.232s] Level 5:colcon.colcon_core.verb:set package 'process' build argument 'cmake_clean_cache' from command line to 'False'
[0.232s] Level 5:colcon.colcon_core.verb:set package 'process' build argument 'cmake_clean_first' from command line to 'False'
[0.232s] Level 5:colcon.colcon_core.verb:set package 'process' build argument 'cmake_force_configure' from command line to 'False'
[0.232s] Level 5:colcon.colcon_core.verb:set package 'process' build argument 'ament_cmake_args' from command line to 'None'
[0.232s] Level 5:colcon.colcon_core.verb:set package 'process' build argument 'catkin_cmake_args' from command line to 'None'
[0.232s] Level 5:colcon.colcon_core.verb:set package 'process' build argument 'catkin_skip_building_tests' from command line to 'False'
[0.232s] DEBUG:colcon.colcon_core.verb:Building package 'process' with the following arguments: {'ament_cmake_args': None, 'build_base': '/home/ljm/catkin_ws/build/process', 'catkin_cmake_args': None, 'catkin_skip_building_tests': False, 'cmake_args': None, 'cmake_clean_cache': False, 'cmake_clean_first': False, 'cmake_force_configure': False, 'cmake_target': None, 'cmake_target_skip_unavailable': False, 'install_base': '/home/ljm/catkin_ws/install/process', 'merge_install': False, 'path': '/home/ljm/catkin_ws/src/process', 'symlink_install': False, 'test_result_base': None}
[0.232s] INFO:colcon.colcon_core.executor:Executing jobs using 'parallel' executor
[0.233s] DEBUG:colcon.colcon_parallel_executor.executor.parallel:run_until_complete
[0.233s] INFO:colcon.colcon_ros.task.ament_cmake.build:Building ROS package in '/home/ljm/catkin_ws/src/driver' with build type 'ament_cmake'
[0.233s] INFO:colcon.colcon_cmake.task.cmake.build:Building CMake package in '/home/ljm/catkin_ws/src/driver'
[0.235s] INFO:colcon.colcon_core.plugin_system:Skipping extension 'colcon_core.shell.bat': Not used on non-Windows systems
[0.235s] INFO:colcon.colcon_core.shell:Skip shell extension 'powershell' for command environment: Not usable outside of PowerShell
[0.235s] DEBUG:colcon.colcon_core.shell:Skip shell extension 'dsv' for command environment
[0.237s] INFO:colcon.colcon_ros.task.ament_cmake.build:Building ROS package in '/home/ljm/catkin_ws/src/driver_msgs' with build type 'ament_cmake'
[0.237s] INFO:colcon.colcon_cmake.task.cmake.build:Building CMake package in '/home/ljm/catkin_ws/src/driver_msgs'
[0.237s] INFO:colcon.colcon_core.shell:Skip shell extension 'powershell' for command environment: Not usable outside of PowerShell
[0.237s] DEBUG:colcon.colcon_core.shell:Skip shell extension 'dsv' for command environment
[0.239s] INFO:colcon.colcon_ros.task.ament_python.build:Building ROS package in '/home/ljm/catkin_ws/src/process' with build type 'ament_python'
[0.240s] Level 1:colcon.colcon_core.shell:create_environment_hook('process', 'ament_prefix_path')
[0.240s] INFO:colcon.colcon_core.shell:Creating environment hook '/home/ljm/catkin_ws/install/process/share/process/hook/ament_prefix_path.ps1'
[0.241s] INFO:colcon.colcon_core.shell:Creating environment descriptor '/home/ljm/catkin_ws/install/process/share/process/hook/ament_prefix_path.dsv'
[0.241s] INFO:colcon.colcon_core.shell:Creating environment hook '/home/ljm/catkin_ws/install/process/share/process/hook/ament_prefix_path.sh'
[0.241s] INFO:colcon.colcon_core.shell:Skip shell extension 'powershell' for command environment: Not usable outside of PowerShell
[0.241s] DEBUG:colcon.colcon_core.shell:Skip shell extension 'dsv' for command environment
[0.251s] DEBUG:colcon.colcon_core.event_handler.log_command:Invoking command in '/home/ljm/catkin_ws/build/driver': CMAKE_PREFIX_PATH=/opt/ros/humble /usr/bin/cmake /home/ljm/catkin_ws/src/driver -DCMAKE_INSTALL_PREFIX=/home/ljm/catkin_ws/install/driver
[0.253s] DEBUG:colcon.colcon_core.event_handler.log_command:Invoking command in '/home/ljm/catkin_ws/build/driver_msgs': CMAKE_PREFIX_PATH=/opt/ros/humble /usr/bin/cmake --build /home/ljm/catkin_ws/build/driver_msgs -- -j14 -l14
[0.472s] INFO:colcon.colcon_core.task.python.build:Building Python package in '/home/ljm/catkin_ws/src/process'
[0.472s] INFO:colcon.colcon_core.shell:Skip shell extension 'powershell' for command environment: Not usable outside of PowerShell
[0.472s] DEBUG:colcon.colcon_core.shell:Skip shell extension 'dsv' for command environment
[0.559s] DEBUG:colcon.colcon_core.event_handler.log_command:Invoked command in '/home/ljm/catkin_ws/build/driver_msgs' returned '0': CMAKE_PREFIX_PATH=/opt/ros/humble /usr/bin/cmake --build /home/ljm/catkin_ws/build/driver_msgs -- -j14 -l14
[0.568s] DEBUG:colcon.colcon_core.event_handler.log_command:Invoking command in '/home/ljm/catkin_ws/build/driver_msgs': CMAKE_PREFIX_PATH=/opt/ros/humble /usr/bin/cmake --install /home/ljm/catkin_ws/build/driver_msgs
[0.612s] Level 1:colcon.colcon_core.environment:create_environment_scripts_only(driver_msgs)
[0.618s] Level 1:colcon.colcon_core.environment:checking '/home/ljm/catkin_ws/install/driver_msgs' for CMake module files
[0.619s] Level 1:colcon.colcon_core.environment:checking '/home/ljm/catkin_ws/install/driver_msgs' for CMake config files
[0.619s] Level 1:colcon.colcon_core.shell:create_environment_hook('driver_msgs', 'cmake_prefix_path')
[0.619s] INFO:colcon.colcon_core.shell:Creating environment hook '/home/ljm/catkin_ws/install/driver_msgs/share/driver_msgs/hook/cmake_prefix_path.ps1'
[0.620s] INFO:colcon.colcon_core.shell:Creating environment descriptor '/home/ljm/catkin_ws/install/driver_msgs/share/driver_msgs/hook/cmake_prefix_path.dsv'
[0.620s] INFO:colcon.colcon_core.shell:Creating environment hook '/home/ljm/catkin_ws/install/driver_msgs/share/driver_msgs/hook/cmake_prefix_path.sh'
[0.620s] Level 1:colcon.colcon_core.environment:checking '/home/ljm/catkin_ws/install/driver_msgs/lib'
[0.620s] Level 1:colcon.colcon_core.shell:create_environment_hook('driver_msgs', 'ld_library_path_lib')
[0.621s] INFO:colcon.colcon_core.shell:Creating environment hook '/home/ljm/catkin_ws/install/driver_msgs/share/driver_msgs/hook/ld_library_path_lib.ps1'
[0.621s] DEBUG:colcon.colcon_core.event_handler.log_command:Invoked command in '/home/ljm/catkin_ws/build/driver_msgs' returned '0': CMAKE_PREFIX_PATH=/opt/ros/humble /usr/bin/cmake --install /home/ljm/catkin_ws/build/driver_msgs
[0.622s] INFO:colcon.colcon_core.shell:Creating environment descriptor '/home/ljm/catkin_ws/install/driver_msgs/share/driver_msgs/hook/ld_library_path_lib.dsv'
[0.623s] INFO:colcon.colcon_core.shell:Creating environment hook '/home/ljm/catkin_ws/install/driver_msgs/share/driver_msgs/hook/ld_library_path_lib.sh'
[0.623s] Level 1:colcon.colcon_core.environment:checking '/home/ljm/catkin_ws/install/driver_msgs/bin'
[0.623s] Level 1:colcon.colcon_core.environment:checking '/home/ljm/catkin_ws/install/driver_msgs/lib/pkgconfig/driver_msgs.pc'
[0.623s] Level 1:colcon.colcon_core.environment:checking '/home/ljm/catkin_ws/install/driver_msgs/lib/python3.10/site-packages'
[0.623s] Level 1:colcon.colcon_core.environment:checking '/home/ljm/catkin_ws/install/driver_msgs/bin'
[0.623s] INFO:colcon.colcon_core.shell:Creating package script '/home/ljm/catkin_ws/install/driver_msgs/share/driver_msgs/package.ps1'
[0.624s] INFO:colcon.colcon_core.shell:Creating package descriptor '/home/ljm/catkin_ws/install/driver_msgs/share/driver_msgs/package.dsv'
[0.625s] INFO:colcon.colcon_core.shell:Creating package script '/home/ljm/catkin_ws/install/driver_msgs/share/driver_msgs/package.sh'
[0.625s] INFO:colcon.colcon_core.shell:Creating package script '/home/ljm/catkin_ws/install/driver_msgs/share/driver_msgs/package.bash'
[0.626s] INFO:colcon.colcon_core.shell:Creating package script '/home/ljm/catkin_ws/install/driver_msgs/share/driver_msgs/package.zsh'
[0.626s] Level 1:colcon.colcon_core.environment:create_file_with_runtime_dependencies(/home/ljm/catkin_ws/install/driver_msgs/share/colcon-core/packages/driver_msgs)
[0.627s] Level 1:colcon.colcon_core.environment:create_environment_scripts_only(driver_msgs)
[0.627s] Level 1:colcon.colcon_core.environment:checking '/home/ljm/catkin_ws/install/driver_msgs' for CMake module files
[0.627s] Level 1:colcon.colcon_core.environment:checking '/home/ljm/catkin_ws/install/driver_msgs' for CMake config files
[0.628s] Level 1:colcon.colcon_core.shell:create_environment_hook('driver_msgs', 'cmake_prefix_path')
[0.628s] INFO:colcon.colcon_core.shell:Creating environment hook '/home/ljm/catkin_ws/install/driver_msgs/share/driver_msgs/hook/cmake_prefix_path.ps1'
[0.628s] INFO:colcon.colcon_core.shell:Creating environment descriptor '/home/ljm/catkin_ws/install/driver_msgs/share/driver_msgs/hook/cmake_prefix_path.dsv'
[0.629s] INFO:colcon.colcon_core.shell:Creating environment hook '/home/ljm/catkin_ws/install/driver_msgs/share/driver_msgs/hook/cmake_prefix_path.sh'
[0.629s] Level 1:colcon.colcon_core.environment:checking '/home/ljm/catkin_ws/install/driver_msgs/lib'
[0.629s] Level 1:colcon.colcon_core.shell:create_environment_hook('driver_msgs', 'ld_library_path_lib')
[0.629s] INFO:colcon.colcon_core.shell:Creating environment hook '/home/ljm/catkin_ws/install/driver_msgs/share/driver_msgs/hook/ld_library_path_lib.ps1'
[0.630s] INFO:colcon.colcon_core.shell:Creating environment descriptor '/home/ljm/catkin_ws/install/driver_msgs/share/driver_msgs/hook/ld_library_path_lib.dsv'
[0.630s] INFO:colcon.colcon_core.shell:Creating environment hook '/home/ljm/catkin_ws/install/driver_msgs/share/driver_msgs/hook/ld_library_path_lib.sh'
[0.630s] Level 1:colcon.colcon_core.environment:checking '/home/ljm/catkin_ws/install/driver_msgs/bin'
[0.630s] Level 1:colcon.colcon_core.environment:checking '/home/ljm/catkin_ws/install/driver_msgs/lib/pkgconfig/driver_msgs.pc'
[0.631s] Level 1:colcon.colcon_core.environment:checking '/home/ljm/catkin_ws/install/driver_msgs/lib/python3.10/site-packages'
[0.631s] Level 1:colcon.colcon_core.environment:checking '/home/ljm/catkin_ws/install/driver_msgs/bin'
[0.631s] INFO:colcon.colcon_core.shell:Creating package script '/home/ljm/catkin_ws/install/driver_msgs/share/driver_msgs/package.ps1'
[0.631s] INFO:colcon.colcon_core.shell:Creating package descriptor '/home/ljm/catkin_ws/install/driver_msgs/share/driver_msgs/package.dsv'
[0.632s] INFO:colcon.colcon_core.shell:Creating package script '/home/ljm/catkin_ws/install/driver_msgs/share/driver_msgs/package.sh'
[0.632s] INFO:colcon.colcon_core.shell:Creating package script '/home/ljm/catkin_ws/install/driver_msgs/share/driver_msgs/package.bash'
[0.633s] INFO:colcon.colcon_core.shell:Creating package script '/home/ljm/catkin_ws/install/driver_msgs/share/driver_msgs/package.zsh'
[0.633s] Level 1:colcon.colcon_core.environment:create_file_with_runtime_dependencies(/home/ljm/catkin_ws/install/driver_msgs/share/colcon-core/packages/driver_msgs)
[0.635s] DEBUG:colcon.colcon_core.event_handler.log_command:Invoked command in '/home/ljm/catkin_ws/build/driver' returned '1': CMAKE_PREFIX_PATH=/opt/ros/humble /usr/bin/cmake /home/ljm/catkin_ws/src/driver -DCMAKE_INSTALL_PREFIX=/home/ljm/catkin_ws/install/driver
[0.643s] Level 1:colcon.colcon_core.environment:create_environment_scripts_only(driver)
[0.644s] Level 1:colcon.colcon_core.environment:checking '/home/ljm/catkin_ws/install/driver' for CMake module files
[0.644s] Level 1:colcon.colcon_core.environment:checking '/home/ljm/catkin_ws/install/driver' for CMake config files
[0.644s] Level 1:colcon.colcon_core.environment:checking '/home/ljm/catkin_ws/install/driver/bin'
[0.644s] Level 1:colcon.colcon_core.environment:checking '/home/ljm/catkin_ws/install/driver/lib/pkgconfig/driver.pc'
[0.645s] Level 1:colcon.colcon_core.environment:checking '/home/ljm/catkin_ws/install/driver/lib/python3.10/site-packages'
[0.645s] Level 1:colcon.colcon_core.environment:checking '/home/ljm/catkin_ws/install/driver/bin'
[0.645s] INFO:colcon.colcon_core.shell:Creating package script '/home/ljm/catkin_ws/install/driver/share/driver/package.ps1'
[0.645s] INFO:colcon.colcon_core.shell:Creating package descriptor '/home/ljm/catkin_ws/install/driver/share/driver/package.dsv'
[0.646s] INFO:colcon.colcon_core.shell:Creating package script '/home/ljm/catkin_ws/install/driver/share/driver/package.sh'
[0.646s] INFO:colcon.colcon_core.shell:Creating package script '/home/ljm/catkin_ws/install/driver/share/driver/package.bash'
[0.647s] INFO:colcon.colcon_core.shell:Creating package script '/home/ljm/catkin_ws/install/driver/share/driver/package.zsh'
[0.647s] Level 1:colcon.colcon_core.environment:create_file_with_runtime_dependencies(/home/ljm/catkin_ws/install/driver/share/colcon-core/packages/driver)
[0.722s] DEBUG:colcon.colcon_parallel_executor.executor.parallel:closing loop
[0.723s] DEBUG:colcon.colcon_parallel_executor.executor.parallel:loop closed
[0.723s] DEBUG:colcon.colcon_parallel_executor.executor.parallel:run_until_complete finished with '1'
[0.723s] DEBUG:colcon.colcon_core.event_reactor:joining thread
[0.728s] INFO:colcon.colcon_core.plugin_system:Skipping extension 'colcon_notification.desktop_notification.terminal_notifier': Not used on non-Darwin systems
[0.728s] INFO:colcon.colcon_core.plugin_system:Skipping extension 'colcon_notification.desktop_notification.win32': Not used on non-Windows systems
[0.728s] INFO:colcon.colcon_notification.desktop_notification:Sending desktop notification using 'notify2'
[0.740s] DEBUG:colcon.colcon_core.event_reactor:joined thread
[0.740s] INFO:colcon.colcon_core.shell:Creating prefix script '/home/ljm/catkin_ws/install/local_setup.ps1'
[0.741s] INFO:colcon.colcon_core.shell:Creating prefix util module '/home/ljm/catkin_ws/install/_local_setup_util_ps1.py'
[0.742s] INFO:colcon.colcon_core.shell:Creating prefix chain script '/home/ljm/catkin_ws/install/setup.ps1'
[0.743s] INFO:colcon.colcon_core.shell:Creating prefix script '/home/ljm/catkin_ws/install/local_setup.sh'
[0.743s] INFO:colcon.colcon_core.shell:Creating prefix util module '/home/ljm/catkin_ws/install/_local_setup_util_sh.py'
[0.744s] INFO:colcon.colcon_core.shell:Creating prefix chain script '/home/ljm/catkin_ws/install/setup.sh'
[0.744s] INFO:colcon.colcon_core.shell:Creating prefix script '/home/ljm/catkin_ws/install/local_setup.bash'
[0.745s] INFO:colcon.colcon_core.shell:Creating prefix chain script '/home/ljm/catkin_ws/install/setup.bash'
[0.746s] INFO:colcon.colcon_core.shell:Creating prefix script '/home/ljm/catkin_ws/install/local_setup.zsh'
[0.746s] INFO:colcon.colcon_core.shell:Creating prefix chain script '/home/ljm/catkin_ws/install/setup.zsh'
