[0.023s] Invoking command in '/home/ljm/catkin_ws/build/driver': CMAKE_PREFIX_PATH=${CMAKE_PREFIX_PATH}:/home/ljm/catkin_ws/install/process:/opt/ros/humble /usr/bin/cmake --build /home/ljm/catkin_ws/build/driver -- -j14 -l14
[0.062s] [35m[1mConsolidate compiler generated dependencies of target driver_node[0m
[0.082s] [100%] Built target driver_node
[0.228s] Invoked command in '/home/ljm/catkin_ws/build/driver' returned '0': CMAKE_PREFIX_PATH=${CMAKE_PREFIX_PATH}:/home/ljm/catkin_ws/install/process:/opt/ros/humble /usr/bin/cmake --build /home/ljm/catkin_ws/build/driver -- -j14 -l14
[0.237s] Invoking command in '/home/ljm/catkin_ws/build/driver': CMAKE_PREFIX_PATH=${CMAKE_PREFIX_PATH}:/home/ljm/catkin_ws/install/process:/opt/ros/humble /usr/bin/cmake --install /home/ljm/catkin_ws/build/driver
[0.242s] -- Install configuration: ""
[0.242s] -- Up-to-date: /home/ljm/catkin_ws/install/driver/lib/driver/driver_node
[0.243s] -- Up-to-date: /home/ljm/catkin_ws/install/driver/share/ament_index/resource_index/package_run_dependencies/driver
[0.243s] -- Up-to-date: /home/ljm/catkin_ws/install/driver/share/ament_index/resource_index/parent_prefix_path/driver
[0.243s] -- Up-to-date: /home/ljm/catkin_ws/install/driver/share/driver/environment/ament_prefix_path.sh
[0.243s] -- Up-to-date: /home/ljm/catkin_ws/install/driver/share/driver/environment/ament_prefix_path.dsv
[0.243s] -- Up-to-date: /home/ljm/catkin_ws/install/driver/share/driver/environment/path.sh
[0.243s] -- Up-to-date: /home/ljm/catkin_ws/install/driver/share/driver/environment/path.dsv
[0.243s] -- Up-to-date: /home/ljm/catkin_ws/install/driver/share/driver/local_setup.bash
[0.243s] -- Up-to-date: /home/ljm/catkin_ws/install/driver/share/driver/local_setup.sh
[0.244s] -- Up-to-date: /home/ljm/catkin_ws/install/driver/share/driver/local_setup.zsh
[0.244s] -- Up-to-date: /home/ljm/catkin_ws/install/driver/share/driver/local_setup.dsv
[0.244s] -- Installing: /home/ljm/catkin_ws/install/driver/share/driver/package.dsv
[0.244s] -- Up-to-date: /home/ljm/catkin_ws/install/driver/share/ament_index/resource_index/packages/driver
[0.244s] -- Up-to-date: /home/ljm/catkin_ws/install/driver/share/driver/cmake/driverConfig.cmake
[0.244s] -- Up-to-date: /home/ljm/catkin_ws/install/driver/share/driver/cmake/driverConfig-version.cmake
[0.244s] -- Up-to-date: /home/ljm/catkin_ws/install/driver/share/driver/package.xml
[0.245s] Invoked command in '/home/ljm/catkin_ws/build/driver' returned '0': CMAKE_PREFIX_PATH=${CMAKE_PREFIX_PATH}:/home/ljm/catkin_ws/install/process:/opt/ros/humble /usr/bin/cmake --install /home/ljm/catkin_ws/build/driver
