[  6%] Built target driver_msgs__cpp
[ 12%] Built target driver_msgs__rosidl_generator_c
[ 12%] Built target ament_cmake_python_copy_driver_msgs
[ 22%] Built target driver_msgs__rosidl_typesupport_cpp
[ 32%] Built target driver_msgs__rosidl_typesupport_introspection_cpp
[ 45%] Built target driver_msgs__rosidl_typesupport_fastrtps_c
[ 54%] Built target driver_msgs__rosidl_typesupport_c
[ 64%] Built target driver_msgs__rosidl_typesupport_introspection_c
[ 70%] Built target driver_msgs__rosidl_typesupport_fastrtps_cpp
[ 70%] Built target driver_msgs
[ 74%] Built target driver_msgs__py
[ 80%] Built target driver_msgs__rosidl_generator_py
[ 87%] Built target driver_msgs__rosidl_typesupport_fastrtps_c__pyext
[ 93%] Built target driver_msgs__rosidl_typesupport_c__pyext
[100%] Built target driver_msgs__rosidl_typesupport_introspection_c__pyext
running egg_info
writing driver_msgs.egg-info/PKG-INFO
writing dependency_links to driver_msgs.egg-info/dependency_links.txt
writing top-level names to driver_msgs.egg-info/top_level.txt
reading manifest file 'driver_msgs.egg-info/SOURCES.txt'
writing manifest file 'driver_msgs.egg-info/SOURCES.txt'
[100%] Built target ament_cmake_python_build_driver_msgs_egg
-- Install configuration: ""
-- Up-to-date: /home/ljm/catkin_ws/install/driver_msgs/share/ament_index/resource_index/rosidl_interfaces/driver_msgs
-- Up-to-date: /home/ljm/catkin_ws/install/driver_msgs/include/driver_msgs/driver_msgs
-- Up-to-date: /home/ljm/catkin_ws/install/driver_msgs/include/driver_msgs/driver_msgs/msg
-- Up-to-date: /home/ljm/catkin_ws/install/driver_msgs/include/driver_msgs/driver_msgs/msg/rosidl_generator_c__visibility_control.h
-- Up-to-date: /home/ljm/catkin_ws/install/driver_msgs/include/driver_msgs/driver_msgs/msg/target.h
-- Up-to-date: /home/ljm/catkin_ws/install/driver_msgs/include/driver_msgs/driver_msgs/msg/detail
-- Up-to-date: /home/ljm/catkin_ws/install/driver_msgs/include/driver_msgs/driver_msgs/msg/detail/target__struct.h
-- Up-to-date: /home/ljm/catkin_ws/install/driver_msgs/include/driver_msgs/driver_msgs/msg/detail/target__functions.c
-- Up-to-date: /home/ljm/catkin_ws/install/driver_msgs/include/driver_msgs/driver_msgs/msg/detail/target__type_support.h
-- Up-to-date: /home/ljm/catkin_ws/install/driver_msgs/include/driver_msgs/driver_msgs/msg/detail/target__functions.h
-- Up-to-date: /home/ljm/catkin_ws/install/driver_msgs/share/driver_msgs/environment/library_path.sh
-- Up-to-date: /home/ljm/catkin_ws/install/driver_msgs/share/driver_msgs/environment/library_path.dsv
-- Up-to-date: /home/ljm/catkin_ws/install/driver_msgs/lib/libdriver_msgs__rosidl_generator_c.so
-- Up-to-date: /home/ljm/catkin_ws/install/driver_msgs/include/driver_msgs/driver_msgs
-- Up-to-date: /home/ljm/catkin_ws/install/driver_msgs/include/driver_msgs/driver_msgs/msg
-- Up-to-date: /home/ljm/catkin_ws/install/driver_msgs/include/driver_msgs/driver_msgs/msg/detail
-- Up-to-date: /home/ljm/catkin_ws/install/driver_msgs/include/driver_msgs/driver_msgs/msg/detail/target__rosidl_typesupport_fastrtps_c.h
-- Up-to-date: /home/ljm/catkin_ws/install/driver_msgs/include/driver_msgs/driver_msgs/msg/rosidl_typesupport_fastrtps_c__visibility_control.h
-- Up-to-date: /home/ljm/catkin_ws/install/driver_msgs/lib/libdriver_msgs__rosidl_typesupport_fastrtps_c.so
-- Up-to-date: /home/ljm/catkin_ws/install/driver_msgs/include/driver_msgs/driver_msgs
-- Up-to-date: /home/ljm/catkin_ws/install/driver_msgs/include/driver_msgs/driver_msgs/msg
-- Up-to-date: /home/ljm/catkin_ws/install/driver_msgs/include/driver_msgs/driver_msgs/msg/rosidl_typesupport_introspection_c__visibility_control.h
-- Up-to-date: /home/ljm/catkin_ws/install/driver_msgs/include/driver_msgs/driver_msgs/msg/detail
-- Up-to-date: /home/ljm/catkin_ws/install/driver_msgs/include/driver_msgs/driver_msgs/msg/detail/target__rosidl_typesupport_introspection_c.h
-- Up-to-date: /home/ljm/catkin_ws/install/driver_msgs/include/driver_msgs/driver_msgs/msg/detail/target__type_support.c
-- Up-to-date: /home/ljm/catkin_ws/install/driver_msgs/lib/libdriver_msgs__rosidl_typesupport_introspection_c.so
-- Up-to-date: /home/ljm/catkin_ws/install/driver_msgs/lib/libdriver_msgs__rosidl_typesupport_c.so
-- Up-to-date: /home/ljm/catkin_ws/install/driver_msgs/include/driver_msgs/driver_msgs
-- Up-to-date: /home/ljm/catkin_ws/install/driver_msgs/include/driver_msgs/driver_msgs/msg
-- Up-to-date: /home/ljm/catkin_ws/install/driver_msgs/include/driver_msgs/driver_msgs/msg/target.hpp
-- Up-to-date: /home/ljm/catkin_ws/install/driver_msgs/include/driver_msgs/driver_msgs/msg/rosidl_generator_cpp__visibility_control.hpp
-- Up-to-date: /home/ljm/catkin_ws/install/driver_msgs/include/driver_msgs/driver_msgs/msg/detail
-- Up-to-date: /home/ljm/catkin_ws/install/driver_msgs/include/driver_msgs/driver_msgs/msg/detail/target__builder.hpp
-- Up-to-date: /home/ljm/catkin_ws/install/driver_msgs/include/driver_msgs/driver_msgs/msg/detail/target__struct.hpp
-- Up-to-date: /home/ljm/catkin_ws/install/driver_msgs/include/driver_msgs/driver_msgs/msg/detail/target__type_support.hpp
-- Up-to-date: /home/ljm/catkin_ws/install/driver_msgs/include/driver_msgs/driver_msgs/msg/detail/target__traits.hpp
-- Up-to-date: /home/ljm/catkin_ws/install/driver_msgs/include/driver_msgs/driver_msgs
-- Up-to-date: /home/ljm/catkin_ws/install/driver_msgs/include/driver_msgs/driver_msgs/msg
-- Up-to-date: /home/ljm/catkin_ws/install/driver_msgs/include/driver_msgs/driver_msgs/msg/detail
-- Up-to-date: /home/ljm/catkin_ws/install/driver_msgs/include/driver_msgs/driver_msgs/msg/detail/target__rosidl_typesupport_fastrtps_cpp.hpp
-- Up-to-date: /home/ljm/catkin_ws/install/driver_msgs/include/driver_msgs/driver_msgs/msg/detail/dds_fastrtps
-- Up-to-date: /home/ljm/catkin_ws/install/driver_msgs/include/driver_msgs/driver_msgs/msg/rosidl_typesupport_fastrtps_cpp__visibility_control.h
-- Up-to-date: /home/ljm/catkin_ws/install/driver_msgs/lib/libdriver_msgs__rosidl_typesupport_fastrtps_cpp.so
-- Up-to-date: /home/ljm/catkin_ws/install/driver_msgs/include/driver_msgs/driver_msgs
-- Up-to-date: /home/ljm/catkin_ws/install/driver_msgs/include/driver_msgs/driver_msgs/msg
-- Up-to-date: /home/ljm/catkin_ws/install/driver_msgs/include/driver_msgs/driver_msgs/msg/detail
-- Up-to-date: /home/ljm/catkin_ws/install/driver_msgs/include/driver_msgs/driver_msgs/msg/detail/target__rosidl_typesupport_introspection_cpp.hpp
-- Up-to-date: /home/ljm/catkin_ws/install/driver_msgs/include/driver_msgs/driver_msgs/msg/detail/target__type_support.cpp
-- Up-to-date: /home/ljm/catkin_ws/install/driver_msgs/lib/libdriver_msgs__rosidl_typesupport_introspection_cpp.so
-- Up-to-date: /home/ljm/catkin_ws/install/driver_msgs/lib/libdriver_msgs__rosidl_typesupport_cpp.so
-- Up-to-date: /home/ljm/catkin_ws/install/driver_msgs/share/driver_msgs/environment/pythonpath.sh
-- Up-to-date: /home/ljm/catkin_ws/install/driver_msgs/share/driver_msgs/environment/pythonpath.dsv
-- Up-to-date: /home/ljm/catkin_ws/install/driver_msgs/local/lib/python3.10/dist-packages/driver_msgs-0.0.0-py3.10.egg-info
-- Installing: /home/ljm/catkin_ws/install/driver_msgs/local/lib/python3.10/dist-packages/driver_msgs-0.0.0-py3.10.egg-info/SOURCES.txt
-- Installing: /home/ljm/catkin_ws/install/driver_msgs/local/lib/python3.10/dist-packages/driver_msgs-0.0.0-py3.10.egg-info/dependency_links.txt
-- Installing: /home/ljm/catkin_ws/install/driver_msgs/local/lib/python3.10/dist-packages/driver_msgs-0.0.0-py3.10.egg-info/top_level.txt
-- Installing: /home/ljm/catkin_ws/install/driver_msgs/local/lib/python3.10/dist-packages/driver_msgs-0.0.0-py3.10.egg-info/PKG-INFO
-- Up-to-date: /home/ljm/catkin_ws/install/driver_msgs/local/lib/python3.10/dist-packages/driver_msgs
-- Up-to-date: /home/ljm/catkin_ws/install/driver_msgs/local/lib/python3.10/dist-packages/driver_msgs/_driver_msgs_s.ep.rosidl_typesupport_fastrtps_c.c
-- Up-to-date: /home/ljm/catkin_ws/install/driver_msgs/local/lib/python3.10/dist-packages/driver_msgs/driver_msgs_s__rosidl_typesupport_fastrtps_c.cpython-310-x86_64-linux-gnu.so
-- Up-to-date: /home/ljm/catkin_ws/install/driver_msgs/local/lib/python3.10/dist-packages/driver_msgs/driver_msgs_s__rosidl_typesupport_c.cpython-310-x86_64-linux-gnu.so
-- Up-to-date: /home/ljm/catkin_ws/install/driver_msgs/local/lib/python3.10/dist-packages/driver_msgs/driver_msgs_s__rosidl_typesupport_introspection_c.cpython-310-x86_64-linux-gnu.so
-- Up-to-date: /home/ljm/catkin_ws/install/driver_msgs/local/lib/python3.10/dist-packages/driver_msgs/_driver_msgs_s.ep.rosidl_typesupport_introspection_c.c
-- Up-to-date: /home/ljm/catkin_ws/install/driver_msgs/local/lib/python3.10/dist-packages/driver_msgs/__init__.py
-- Up-to-date: /home/ljm/catkin_ws/install/driver_msgs/local/lib/python3.10/dist-packages/driver_msgs/msg
-- Up-to-date: /home/ljm/catkin_ws/install/driver_msgs/local/lib/python3.10/dist-packages/driver_msgs/msg/_target.py
-- Up-to-date: /home/ljm/catkin_ws/install/driver_msgs/local/lib/python3.10/dist-packages/driver_msgs/msg/_target_s.c
-- Up-to-date: /home/ljm/catkin_ws/install/driver_msgs/local/lib/python3.10/dist-packages/driver_msgs/msg/__init__.py
-- Up-to-date: /home/ljm/catkin_ws/install/driver_msgs/local/lib/python3.10/dist-packages/driver_msgs/_driver_msgs_s.ep.rosidl_typesupport_c.c
-- Up-to-date: /home/ljm/catkin_ws/install/driver_msgs/local/lib/python3.10/dist-packages/driver_msgs/libdriver_msgs__rosidl_generator_py.so
Listing '/home/ljm/catkin_ws/install/driver_msgs/local/lib/python3.10/dist-packages/driver_msgs'...
Listing '/home/ljm/catkin_ws/install/driver_msgs/local/lib/python3.10/dist-packages/driver_msgs/msg'...
-- Up-to-date: /home/ljm/catkin_ws/install/driver_msgs/local/lib/python3.10/dist-packages/driver_msgs/driver_msgs_s__rosidl_typesupport_fastrtps_c.cpython-310-x86_64-linux-gnu.so
-- Up-to-date: /home/ljm/catkin_ws/install/driver_msgs/local/lib/python3.10/dist-packages/driver_msgs/driver_msgs_s__rosidl_typesupport_introspection_c.cpython-310-x86_64-linux-gnu.so
-- Up-to-date: /home/ljm/catkin_ws/install/driver_msgs/local/lib/python3.10/dist-packages/driver_msgs/driver_msgs_s__rosidl_typesupport_c.cpython-310-x86_64-linux-gnu.so
-- Up-to-date: /home/ljm/catkin_ws/install/driver_msgs/lib/libdriver_msgs__rosidl_generator_py.so
-- Up-to-date: /home/ljm/catkin_ws/install/driver_msgs/share/driver_msgs/msg/Target.idl
-- Up-to-date: /home/ljm/catkin_ws/install/driver_msgs/share/driver_msgs/msg/Target.msg
-- Up-to-date: /home/ljm/catkin_ws/install/driver_msgs/share/ament_index/resource_index/package_run_dependencies/driver_msgs
-- Up-to-date: /home/ljm/catkin_ws/install/driver_msgs/share/ament_index/resource_index/parent_prefix_path/driver_msgs
-- Up-to-date: /home/ljm/catkin_ws/install/driver_msgs/share/driver_msgs/environment/ament_prefix_path.sh
-- Up-to-date: /home/ljm/catkin_ws/install/driver_msgs/share/driver_msgs/environment/ament_prefix_path.dsv
-- Up-to-date: /home/ljm/catkin_ws/install/driver_msgs/share/driver_msgs/environment/path.sh
-- Up-to-date: /home/ljm/catkin_ws/install/driver_msgs/share/driver_msgs/environment/path.dsv
-- Up-to-date: /home/ljm/catkin_ws/install/driver_msgs/share/driver_msgs/local_setup.bash
-- Up-to-date: /home/ljm/catkin_ws/install/driver_msgs/share/driver_msgs/local_setup.sh
-- Up-to-date: /home/ljm/catkin_ws/install/driver_msgs/share/driver_msgs/local_setup.zsh
-- Up-to-date: /home/ljm/catkin_ws/install/driver_msgs/share/driver_msgs/local_setup.dsv
-- Installing: /home/ljm/catkin_ws/install/driver_msgs/share/driver_msgs/package.dsv
-- Up-to-date: /home/ljm/catkin_ws/install/driver_msgs/share/ament_index/resource_index/packages/driver_msgs
-- Up-to-date: /home/ljm/catkin_ws/install/driver_msgs/share/driver_msgs/cmake/export_driver_msgs__rosidl_generator_cExport.cmake
-- Up-to-date: /home/ljm/catkin_ws/install/driver_msgs/share/driver_msgs/cmake/export_driver_msgs__rosidl_generator_cExport-noconfig.cmake
-- Up-to-date: /home/ljm/catkin_ws/install/driver_msgs/share/driver_msgs/cmake/export_driver_msgs__rosidl_typesupport_fastrtps_cExport.cmake
-- Up-to-date: /home/ljm/catkin_ws/install/driver_msgs/share/driver_msgs/cmake/export_driver_msgs__rosidl_typesupport_fastrtps_cExport-noconfig.cmake
-- Up-to-date: /home/ljm/catkin_ws/install/driver_msgs/share/driver_msgs/cmake/driver_msgs__rosidl_typesupport_introspection_cExport.cmake
-- Up-to-date: /home/ljm/catkin_ws/install/driver_msgs/share/driver_msgs/cmake/driver_msgs__rosidl_typesupport_introspection_cExport-noconfig.cmake
-- Up-to-date: /home/ljm/catkin_ws/install/driver_msgs/share/driver_msgs/cmake/driver_msgs__rosidl_typesupport_cExport.cmake
-- Up-to-date: /home/ljm/catkin_ws/install/driver_msgs/share/driver_msgs/cmake/driver_msgs__rosidl_typesupport_cExport-noconfig.cmake
-- Up-to-date: /home/ljm/catkin_ws/install/driver_msgs/share/driver_msgs/cmake/export_driver_msgs__rosidl_generator_cppExport.cmake
-- Up-to-date: /home/ljm/catkin_ws/install/driver_msgs/share/driver_msgs/cmake/export_driver_msgs__rosidl_typesupport_fastrtps_cppExport.cmake
-- Up-to-date: /home/ljm/catkin_ws/install/driver_msgs/share/driver_msgs/cmake/export_driver_msgs__rosidl_typesupport_fastrtps_cppExport-noconfig.cmake
-- Up-to-date: /home/ljm/catkin_ws/install/driver_msgs/share/driver_msgs/cmake/driver_msgs__rosidl_typesupport_introspection_cppExport.cmake
-- Up-to-date: /home/ljm/catkin_ws/install/driver_msgs/share/driver_msgs/cmake/driver_msgs__rosidl_typesupport_introspection_cppExport-noconfig.cmake
-- Up-to-date: /home/ljm/catkin_ws/install/driver_msgs/share/driver_msgs/cmake/driver_msgs__rosidl_typesupport_cppExport.cmake
-- Up-to-date: /home/ljm/catkin_ws/install/driver_msgs/share/driver_msgs/cmake/driver_msgs__rosidl_typesupport_cppExport-noconfig.cmake
-- Up-to-date: /home/ljm/catkin_ws/install/driver_msgs/share/driver_msgs/cmake/export_driver_msgs__rosidl_generator_pyExport.cmake
-- Up-to-date: /home/ljm/catkin_ws/install/driver_msgs/share/driver_msgs/cmake/export_driver_msgs__rosidl_generator_pyExport-noconfig.cmake
-- Up-to-date: /home/ljm/catkin_ws/install/driver_msgs/share/driver_msgs/cmake/rosidl_cmake-extras.cmake
-- Up-to-date: /home/ljm/catkin_ws/install/driver_msgs/share/driver_msgs/cmake/ament_cmake_export_dependencies-extras.cmake
-- Up-to-date: /home/ljm/catkin_ws/install/driver_msgs/share/driver_msgs/cmake/ament_cmake_export_include_directories-extras.cmake
-- Up-to-date: /home/ljm/catkin_ws/install/driver_msgs/share/driver_msgs/cmake/ament_cmake_export_libraries-extras.cmake
-- Up-to-date: /home/ljm/catkin_ws/install/driver_msgs/share/driver_msgs/cmake/ament_cmake_export_targets-extras.cmake
-- Up-to-date: /home/ljm/catkin_ws/install/driver_msgs/share/driver_msgs/cmake/rosidl_cmake_export_typesupport_targets-extras.cmake
-- Up-to-date: /home/ljm/catkin_ws/install/driver_msgs/share/driver_msgs/cmake/rosidl_cmake_export_typesupport_libraries-extras.cmake
-- Up-to-date: /home/ljm/catkin_ws/install/driver_msgs/share/driver_msgs/cmake/driver_msgsConfig.cmake
-- Up-to-date: /home/ljm/catkin_ws/install/driver_msgs/share/driver_msgs/cmake/driver_msgsConfig-version.cmake
-- Up-to-date: /home/ljm/catkin_ws/install/driver_msgs/share/driver_msgs/package.xml
