[0.026s] Invoking command in '/home/ljm/catkin_ws/build/driver_msgs': CMAKE_PREFIX_PATH=/opt/ros/humble /usr/bin/cmake --build /home/ljm/catkin_ws/build/driver_msgs -- -j14 -l14
[0.066s] [35m[1mConsolidate compiler generated dependencies of target driver_msgs__rosidl_generator_c[0m
[0.074s] [  3%] Built target driver_msgs__cpp
[0.077s] [ 12%] Built target driver_msgs__rosidl_generator_c
[0.081s] [ 12%] Built target ament_cmake_python_copy_driver_msgs
[0.083s] [35m[1mConsolidate compiler generated dependencies of target driver_msgs__rosidl_typesupport_fastrtps_cpp[0m
[0.085s] [35m[1mConsolidate compiler generated dependencies of target driver_msgs__rosidl_typesupport_cpp[0m
[0.085s] [35m[1mConsolidate compiler generated dependencies of target driver_msgs__rosidl_typesupport_introspection_cpp[0m
[0.086s] [35m[1mConsolidate compiler generated dependencies of target driver_msgs__rosidl_typesupport_c[0m
[0.086s] [35m[1mConsolidate compiler generated dependencies of target driver_msgs__rosidl_typesupport_fastrtps_c[0m
[0.089s] [35m[1mConsolidate compiler generated dependencies of target driver_msgs__rosidl_typesupport_introspection_c[0m
[0.100s] [ 41%] Built target driver_msgs__rosidl_typesupport_fastrtps_cpp
[0.100s] [ 41%] Built target driver_msgs__rosidl_typesupport_c
[0.100s] [ 41%] Built target driver_msgs__rosidl_typesupport_cpp
[0.100s] [ 51%] Built target driver_msgs__rosidl_typesupport_introspection_cpp
[0.101s] [ 61%] Built target driver_msgs__rosidl_typesupport_introspection_c
[0.102s] [ 70%] Built target driver_msgs__rosidl_typesupport_fastrtps_c
[0.127s] [ 70%] Built target driver_msgs
[0.145s] [ 74%] Built target driver_msgs__py
[0.159s] [35m[1mConsolidate compiler generated dependencies of target driver_msgs__rosidl_generator_py[0m
[0.172s] [ 80%] Built target driver_msgs__rosidl_generator_py
[0.181s] [35m[1mConsolidate compiler generated dependencies of target driver_msgs__rosidl_typesupport_introspection_c__pyext[0m
[0.182s] [35m[1mConsolidate compiler generated dependencies of target driver_msgs__rosidl_typesupport_c__pyext[0m
[0.186s] [35m[1mConsolidate compiler generated dependencies of target driver_msgs__rosidl_typesupport_fastrtps_c__pyext[0m
[0.194s] [ 93%] Built target driver_msgs__rosidl_typesupport_fastrtps_c__pyext
[0.194s] [ 93%] Built target driver_msgs__rosidl_typesupport_introspection_c__pyext
[0.195s] [100%] Built target driver_msgs__rosidl_typesupport_c__pyext
[0.294s] running egg_info
[0.295s] writing driver_msgs.egg-info/PKG-INFO
[0.295s] writing dependency_links to driver_msgs.egg-info/dependency_links.txt
[0.295s] writing top-level names to driver_msgs.egg-info/top_level.txt
[0.296s] reading manifest file 'driver_msgs.egg-info/SOURCES.txt'
[0.297s] writing manifest file 'driver_msgs.egg-info/SOURCES.txt'
[0.323s] [100%] Built target ament_cmake_python_build_driver_msgs_egg
[0.333s] Invoked command in '/home/ljm/catkin_ws/build/driver_msgs' returned '0': CMAKE_PREFIX_PATH=/opt/ros/humble /usr/bin/cmake --build /home/ljm/catkin_ws/build/driver_msgs -- -j14 -l14
[0.345s] Invoking command in '/home/ljm/catkin_ws/build/driver_msgs': CMAKE_PREFIX_PATH=/opt/ros/humble /usr/bin/cmake --install /home/ljm/catkin_ws/build/driver_msgs
[0.348s] -- Install configuration: ""
[0.349s] -- Up-to-date: /home/ljm/catkin_ws/install/driver_msgs/share/ament_index/resource_index/rosidl_interfaces/driver_msgs
[0.349s] -- Up-to-date: /home/ljm/catkin_ws/install/driver_msgs/include/driver_msgs/driver_msgs
[0.349s] -- Up-to-date: /home/ljm/catkin_ws/install/driver_msgs/include/driver_msgs/driver_msgs/msg
[0.349s] -- Up-to-date: /home/ljm/catkin_ws/install/driver_msgs/include/driver_msgs/driver_msgs/msg/rosidl_generator_c__visibility_control.h
[0.349s] -- Up-to-date: /home/ljm/catkin_ws/install/driver_msgs/include/driver_msgs/driver_msgs/msg/target.h
[0.349s] -- Up-to-date: /home/ljm/catkin_ws/install/driver_msgs/include/driver_msgs/driver_msgs/msg/detail
[0.349s] -- Up-to-date: /home/ljm/catkin_ws/install/driver_msgs/include/driver_msgs/driver_msgs/msg/detail/target__struct.h
[0.349s] -- Up-to-date: /home/ljm/catkin_ws/install/driver_msgs/include/driver_msgs/driver_msgs/msg/detail/target__functions.c
[0.349s] -- Up-to-date: /home/ljm/catkin_ws/install/driver_msgs/include/driver_msgs/driver_msgs/msg/detail/target__type_support.h
[0.350s] -- Up-to-date: /home/ljm/catkin_ws/install/driver_msgs/include/driver_msgs/driver_msgs/msg/detail/target__functions.h
[0.350s] -- Up-to-date: /home/ljm/catkin_ws/install/driver_msgs/share/driver_msgs/environment/library_path.sh
[0.350s] -- Up-to-date: /home/ljm/catkin_ws/install/driver_msgs/share/driver_msgs/environment/library_path.dsv
[0.350s] -- Up-to-date: /home/ljm/catkin_ws/install/driver_msgs/lib/libdriver_msgs__rosidl_generator_c.so
[0.351s] -- Up-to-date: /home/ljm/catkin_ws/install/driver_msgs/include/driver_msgs/driver_msgs
[0.351s] -- Up-to-date: /home/ljm/catkin_ws/install/driver_msgs/include/driver_msgs/driver_msgs/msg
[0.351s] -- Up-to-date: /home/ljm/catkin_ws/install/driver_msgs/include/driver_msgs/driver_msgs/msg/detail
[0.351s] -- Up-to-date: /home/ljm/catkin_ws/install/driver_msgs/include/driver_msgs/driver_msgs/msg/detail/target__rosidl_typesupport_fastrtps_c.h
[0.351s] -- Up-to-date: /home/ljm/catkin_ws/install/driver_msgs/include/driver_msgs/driver_msgs/msg/rosidl_typesupport_fastrtps_c__visibility_control.h
[0.351s] -- Up-to-date: /home/ljm/catkin_ws/install/driver_msgs/lib/libdriver_msgs__rosidl_typesupport_fastrtps_c.so
[0.352s] -- Up-to-date: /home/ljm/catkin_ws/install/driver_msgs/include/driver_msgs/driver_msgs
[0.352s] -- Up-to-date: /home/ljm/catkin_ws/install/driver_msgs/include/driver_msgs/driver_msgs/msg
[0.352s] -- Up-to-date: /home/ljm/catkin_ws/install/driver_msgs/include/driver_msgs/driver_msgs/msg/rosidl_typesupport_introspection_c__visibility_control.h
[0.352s] -- Up-to-date: /home/ljm/catkin_ws/install/driver_msgs/include/driver_msgs/driver_msgs/msg/detail
[0.352s] -- Up-to-date: /home/ljm/catkin_ws/install/driver_msgs/include/driver_msgs/driver_msgs/msg/detail/target__rosidl_typesupport_introspection_c.h
[0.352s] -- Up-to-date: /home/ljm/catkin_ws/install/driver_msgs/include/driver_msgs/driver_msgs/msg/detail/target__type_support.c
[0.353s] -- Up-to-date: /home/ljm/catkin_ws/install/driver_msgs/lib/libdriver_msgs__rosidl_typesupport_introspection_c.so
[0.353s] -- Up-to-date: /home/ljm/catkin_ws/install/driver_msgs/lib/libdriver_msgs__rosidl_typesupport_c.so
[0.353s] -- Up-to-date: /home/ljm/catkin_ws/install/driver_msgs/include/driver_msgs/driver_msgs
[0.353s] -- Up-to-date: /home/ljm/catkin_ws/install/driver_msgs/include/driver_msgs/driver_msgs/msg
[0.354s] -- Up-to-date: /home/ljm/catkin_ws/install/driver_msgs/include/driver_msgs/driver_msgs/msg/target.hpp
[0.354s] -- Up-to-date: /home/ljm/catkin_ws/install/driver_msgs/include/driver_msgs/driver_msgs/msg/rosidl_generator_cpp__visibility_control.hpp
[0.354s] -- Up-to-date: /home/ljm/catkin_ws/install/driver_msgs/include/driver_msgs/driver_msgs/msg/detail
[0.354s] -- Up-to-date: /home/ljm/catkin_ws/install/driver_msgs/include/driver_msgs/driver_msgs/msg/detail/target__builder.hpp
[0.354s] -- Up-to-date: /home/ljm/catkin_ws/install/driver_msgs/include/driver_msgs/driver_msgs/msg/detail/target__struct.hpp
[0.354s] -- Up-to-date: /home/ljm/catkin_ws/install/driver_msgs/include/driver_msgs/driver_msgs/msg/detail/target__type_support.hpp
[0.354s] -- Up-to-date: /home/ljm/catkin_ws/install/driver_msgs/include/driver_msgs/driver_msgs/msg/detail/target__traits.hpp
[0.355s] -- Up-to-date: /home/ljm/catkin_ws/install/driver_msgs/include/driver_msgs/driver_msgs
[0.355s] -- Up-to-date: /home/ljm/catkin_ws/install/driver_msgs/include/driver_msgs/driver_msgs/msg
[0.355s] -- Up-to-date: /home/ljm/catkin_ws/install/driver_msgs/include/driver_msgs/driver_msgs/msg/detail
[0.355s] -- Up-to-date: /home/ljm/catkin_ws/install/driver_msgs/include/driver_msgs/driver_msgs/msg/detail/target__rosidl_typesupport_fastrtps_cpp.hpp
[0.355s] -- Up-to-date: /home/ljm/catkin_ws/install/driver_msgs/include/driver_msgs/driver_msgs/msg/detail/dds_fastrtps
[0.355s] -- Up-to-date: /home/ljm/catkin_ws/install/driver_msgs/include/driver_msgs/driver_msgs/msg/rosidl_typesupport_fastrtps_cpp__visibility_control.h
[0.355s] -- Up-to-date: /home/ljm/catkin_ws/install/driver_msgs/lib/libdriver_msgs__rosidl_typesupport_fastrtps_cpp.so
[0.356s] -- Up-to-date: /home/ljm/catkin_ws/install/driver_msgs/include/driver_msgs/driver_msgs
[0.356s] -- Up-to-date: /home/ljm/catkin_ws/install/driver_msgs/include/driver_msgs/driver_msgs/msg
[0.356s] -- Up-to-date: /home/ljm/catkin_ws/install/driver_msgs/include/driver_msgs/driver_msgs/msg/detail
[0.356s] -- Up-to-date: /home/ljm/catkin_ws/install/driver_msgs/include/driver_msgs/driver_msgs/msg/detail/target__rosidl_typesupport_introspection_cpp.hpp
[0.356s] -- Up-to-date: /home/ljm/catkin_ws/install/driver_msgs/include/driver_msgs/driver_msgs/msg/detail/target__type_support.cpp
[0.356s] -- Up-to-date: /home/ljm/catkin_ws/install/driver_msgs/lib/libdriver_msgs__rosidl_typesupport_introspection_cpp.so
[0.357s] -- Up-to-date: /home/ljm/catkin_ws/install/driver_msgs/lib/libdriver_msgs__rosidl_typesupport_cpp.so
[0.357s] -- Up-to-date: /home/ljm/catkin_ws/install/driver_msgs/share/driver_msgs/environment/pythonpath.sh
[0.357s] -- Up-to-date: /home/ljm/catkin_ws/install/driver_msgs/share/driver_msgs/environment/pythonpath.dsv
[0.357s] -- Up-to-date: /home/ljm/catkin_ws/install/driver_msgs/local/lib/python3.10/dist-packages/driver_msgs-0.0.0-py3.10.egg-info
[0.357s] -- Installing: /home/ljm/catkin_ws/install/driver_msgs/local/lib/python3.10/dist-packages/driver_msgs-0.0.0-py3.10.egg-info/SOURCES.txt
[0.358s] -- Installing: /home/ljm/catkin_ws/install/driver_msgs/local/lib/python3.10/dist-packages/driver_msgs-0.0.0-py3.10.egg-info/dependency_links.txt
[0.358s] -- Installing: /home/ljm/catkin_ws/install/driver_msgs/local/lib/python3.10/dist-packages/driver_msgs-0.0.0-py3.10.egg-info/top_level.txt
[0.358s] -- Installing: /home/ljm/catkin_ws/install/driver_msgs/local/lib/python3.10/dist-packages/driver_msgs-0.0.0-py3.10.egg-info/PKG-INFO
[0.358s] -- Up-to-date: /home/ljm/catkin_ws/install/driver_msgs/local/lib/python3.10/dist-packages/driver_msgs
[0.358s] -- Up-to-date: /home/ljm/catkin_ws/install/driver_msgs/local/lib/python3.10/dist-packages/driver_msgs/_driver_msgs_s.ep.rosidl_typesupport_fastrtps_c.c
[0.358s] -- Up-to-date: /home/ljm/catkin_ws/install/driver_msgs/local/lib/python3.10/dist-packages/driver_msgs/driver_msgs_s__rosidl_typesupport_fastrtps_c.cpython-310-x86_64-linux-gnu.so
[0.359s] -- Up-to-date: /home/ljm/catkin_ws/install/driver_msgs/local/lib/python3.10/dist-packages/driver_msgs/driver_msgs_s__rosidl_typesupport_c.cpython-310-x86_64-linux-gnu.so
[0.359s] -- Up-to-date: /home/ljm/catkin_ws/install/driver_msgs/local/lib/python3.10/dist-packages/driver_msgs/driver_msgs_s__rosidl_typesupport_introspection_c.cpython-310-x86_64-linux-gnu.so
[0.359s] -- Up-to-date: /home/ljm/catkin_ws/install/driver_msgs/local/lib/python3.10/dist-packages/driver_msgs/_driver_msgs_s.ep.rosidl_typesupport_introspection_c.c
[0.359s] -- Up-to-date: /home/ljm/catkin_ws/install/driver_msgs/local/lib/python3.10/dist-packages/driver_msgs/__init__.py
[0.359s] -- Up-to-date: /home/ljm/catkin_ws/install/driver_msgs/local/lib/python3.10/dist-packages/driver_msgs/msg
[0.359s] -- Up-to-date: /home/ljm/catkin_ws/install/driver_msgs/local/lib/python3.10/dist-packages/driver_msgs/msg/_target.py
[0.359s] -- Up-to-date: /home/ljm/catkin_ws/install/driver_msgs/local/lib/python3.10/dist-packages/driver_msgs/msg/_target_s.c
[0.359s] -- Up-to-date: /home/ljm/catkin_ws/install/driver_msgs/local/lib/python3.10/dist-packages/driver_msgs/msg/__init__.py
[0.359s] -- Up-to-date: /home/ljm/catkin_ws/install/driver_msgs/local/lib/python3.10/dist-packages/driver_msgs/_driver_msgs_s.ep.rosidl_typesupport_c.c
[0.360s] -- Up-to-date: /home/ljm/catkin_ws/install/driver_msgs/local/lib/python3.10/dist-packages/driver_msgs/libdriver_msgs__rosidl_generator_py.so
[0.392s] Listing '/home/ljm/catkin_ws/install/driver_msgs/local/lib/python3.10/dist-packages/driver_msgs'...
[0.392s] Listing '/home/ljm/catkin_ws/install/driver_msgs/local/lib/python3.10/dist-packages/driver_msgs/msg'...
[0.398s] -- Up-to-date: /home/ljm/catkin_ws/install/driver_msgs/local/lib/python3.10/dist-packages/driver_msgs/driver_msgs_s__rosidl_typesupport_fastrtps_c.cpython-310-x86_64-linux-gnu.so
[0.399s] -- Up-to-date: /home/ljm/catkin_ws/install/driver_msgs/local/lib/python3.10/dist-packages/driver_msgs/driver_msgs_s__rosidl_typesupport_introspection_c.cpython-310-x86_64-linux-gnu.so
[0.400s] -- Up-to-date: /home/ljm/catkin_ws/install/driver_msgs/local/lib/python3.10/dist-packages/driver_msgs/driver_msgs_s__rosidl_typesupport_c.cpython-310-x86_64-linux-gnu.so
[0.400s] -- Up-to-date: /home/ljm/catkin_ws/install/driver_msgs/lib/libdriver_msgs__rosidl_generator_py.so
[0.400s] -- Up-to-date: /home/ljm/catkin_ws/install/driver_msgs/share/driver_msgs/msg/Target.idl
[0.400s] -- Up-to-date: /home/ljm/catkin_ws/install/driver_msgs/share/driver_msgs/msg/Target.msg
[0.400s] -- Up-to-date: /home/ljm/catkin_ws/install/driver_msgs/share/ament_index/resource_index/package_run_dependencies/driver_msgs
[0.400s] -- Up-to-date: /home/ljm/catkin_ws/install/driver_msgs/share/ament_index/resource_index/parent_prefix_path/driver_msgs
[0.401s] -- Up-to-date: /home/ljm/catkin_ws/install/driver_msgs/share/driver_msgs/environment/ament_prefix_path.sh
[0.401s] -- Up-to-date: /home/ljm/catkin_ws/install/driver_msgs/share/driver_msgs/environment/ament_prefix_path.dsv
[0.401s] -- Up-to-date: /home/ljm/catkin_ws/install/driver_msgs/share/driver_msgs/environment/path.sh
[0.401s] -- Up-to-date: /home/ljm/catkin_ws/install/driver_msgs/share/driver_msgs/environment/path.dsv
[0.401s] -- Up-to-date: /home/ljm/catkin_ws/install/driver_msgs/share/driver_msgs/local_setup.bash
[0.401s] -- Up-to-date: /home/ljm/catkin_ws/install/driver_msgs/share/driver_msgs/local_setup.sh
[0.401s] -- Up-to-date: /home/ljm/catkin_ws/install/driver_msgs/share/driver_msgs/local_setup.zsh
[0.401s] -- Up-to-date: /home/ljm/catkin_ws/install/driver_msgs/share/driver_msgs/local_setup.dsv
[0.402s] -- Installing: /home/ljm/catkin_ws/install/driver_msgs/share/driver_msgs/package.dsv
[0.402s] -- Up-to-date: /home/ljm/catkin_ws/install/driver_msgs/share/ament_index/resource_index/packages/driver_msgs
[0.405s] -- Up-to-date: /home/ljm/catkin_ws/install/driver_msgs/share/driver_msgs/cmake/export_driver_msgs__rosidl_generator_cExport.cmake
[0.405s] -- Up-to-date: /home/ljm/catkin_ws/install/driver_msgs/share/driver_msgs/cmake/export_driver_msgs__rosidl_generator_cExport-noconfig.cmake
[0.405s] -- Up-to-date: /home/ljm/catkin_ws/install/driver_msgs/share/driver_msgs/cmake/export_driver_msgs__rosidl_typesupport_fastrtps_cExport.cmake
[0.405s] -- Up-to-date: /home/ljm/catkin_ws/install/driver_msgs/share/driver_msgs/cmake/export_driver_msgs__rosidl_typesupport_fastrtps_cExport-noconfig.cmake
[0.406s] -- Up-to-date: /home/ljm/catkin_ws/install/driver_msgs/share/driver_msgs/cmake/driver_msgs__rosidl_typesupport_introspection_cExport.cmake
[0.406s] -- Up-to-date: /home/ljm/catkin_ws/install/driver_msgs/share/driver_msgs/cmake/driver_msgs__rosidl_typesupport_introspection_cExport-noconfig.cmake
[0.406s] -- Up-to-date: /home/ljm/catkin_ws/install/driver_msgs/share/driver_msgs/cmake/driver_msgs__rosidl_typesupport_cExport.cmake
[0.406s] -- Up-to-date: /home/ljm/catkin_ws/install/driver_msgs/share/driver_msgs/cmake/driver_msgs__rosidl_typesupport_cExport-noconfig.cmake
[0.407s] -- Up-to-date: /home/ljm/catkin_ws/install/driver_msgs/share/driver_msgs/cmake/export_driver_msgs__rosidl_generator_cppExport.cmake
[0.407s] -- Up-to-date: /home/ljm/catkin_ws/install/driver_msgs/share/driver_msgs/cmake/export_driver_msgs__rosidl_typesupport_fastrtps_cppExport.cmake
[0.407s] -- Up-to-date: /home/ljm/catkin_ws/install/driver_msgs/share/driver_msgs/cmake/export_driver_msgs__rosidl_typesupport_fastrtps_cppExport-noconfig.cmake
[0.407s] -- Up-to-date: /home/ljm/catkin_ws/install/driver_msgs/share/driver_msgs/cmake/driver_msgs__rosidl_typesupport_introspection_cppExport.cmake
[0.408s] -- Up-to-date: /home/ljm/catkin_ws/install/driver_msgs/share/driver_msgs/cmake/driver_msgs__rosidl_typesupport_introspection_cppExport-noconfig.cmake
[0.408s] -- Up-to-date: /home/ljm/catkin_ws/install/driver_msgs/share/driver_msgs/cmake/driver_msgs__rosidl_typesupport_cppExport.cmake
[0.408s] -- Up-to-date: /home/ljm/catkin_ws/install/driver_msgs/share/driver_msgs/cmake/driver_msgs__rosidl_typesupport_cppExport-noconfig.cmake
[0.408s] -- Up-to-date: /home/ljm/catkin_ws/install/driver_msgs/share/driver_msgs/cmake/export_driver_msgs__rosidl_generator_pyExport.cmake
[0.408s] -- Up-to-date: /home/ljm/catkin_ws/install/driver_msgs/share/driver_msgs/cmake/export_driver_msgs__rosidl_generator_pyExport-noconfig.cmake
[0.408s] -- Up-to-date: /home/ljm/catkin_ws/install/driver_msgs/share/driver_msgs/cmake/rosidl_cmake-extras.cmake
[0.408s] -- Up-to-date: /home/ljm/catkin_ws/install/driver_msgs/share/driver_msgs/cmake/ament_cmake_export_dependencies-extras.cmake
[0.408s] -- Up-to-date: /home/ljm/catkin_ws/install/driver_msgs/share/driver_msgs/cmake/ament_cmake_export_include_directories-extras.cmake
[0.408s] -- Up-to-date: /home/ljm/catkin_ws/install/driver_msgs/share/driver_msgs/cmake/ament_cmake_export_libraries-extras.cmake
[0.409s] -- Up-to-date: /home/ljm/catkin_ws/install/driver_msgs/share/driver_msgs/cmake/ament_cmake_export_targets-extras.cmake
[0.409s] -- Up-to-date: /home/ljm/catkin_ws/install/driver_msgs/share/driver_msgs/cmake/rosidl_cmake_export_typesupport_targets-extras.cmake
[0.409s] -- Up-to-date: /home/ljm/catkin_ws/install/driver_msgs/share/driver_msgs/cmake/rosidl_cmake_export_typesupport_libraries-extras.cmake
[0.410s] -- Up-to-date: /home/ljm/catkin_ws/install/driver_msgs/share/driver_msgs/cmake/driver_msgsConfig.cmake
[0.410s] -- Up-to-date: /home/ljm/catkin_ws/install/driver_msgs/share/driver_msgs/cmake/driver_msgsConfig-version.cmake
[0.410s] -- Up-to-date: /home/ljm/catkin_ws/install/driver_msgs/share/driver_msgs/package.xml
[0.410s] Invoked command in '/home/ljm/catkin_ws/build/driver_msgs' returned '0': CMAKE_PREFIX_PATH=/opt/ros/humble /usr/bin/cmake --install /home/ljm/catkin_ws/build/driver_msgs
