running egg_info
creating ../../build/process/process.egg-info
writing ../../build/process/process.egg-info/PKG-INFO
writing dependency_links to ../../build/process/process.egg-info/dependency_links.txt
writing entry points to ../../build/process/process.egg-info/entry_points.txt
writing requirements to ../../build/process/process.egg-info/requires.txt
writing top-level names to ../../build/process/process.egg-info/top_level.txt
writing manifest file '../../build/process/process.egg-info/SOURCES.txt'
reading manifest file '../../build/process/process.egg-info/SOURCES.txt'
adding license file 'LICENSE'
writing manifest file '../../build/process/process.egg-info/SOURCES.txt'
running build
running build_py
creating /home/ljm/catkin_ws/build/process/build
creating /home/ljm/catkin_ws/build/process/build/lib
creating /home/ljm/catkin_ws/build/process/build/lib/process
copying process/process_node.py -> /home/ljm/catkin_ws/build/process/build/lib/process
copying process/__init__.py -> /home/ljm/catkin_ws/build/process/build/lib/process
running install
running install_lib
creating /home/ljm/catkin_ws/install/process/lib/python3.10/site-packages/process
copying /home/ljm/catkin_ws/build/process/build/lib/process/process_node.py -> /home/ljm/catkin_ws/install/process/lib/python3.10/site-packages/process
copying /home/ljm/catkin_ws/build/process/build/lib/process/__init__.py -> /home/ljm/catkin_ws/install/process/lib/python3.10/site-packages/process
byte-compiling /home/ljm/catkin_ws/install/process/lib/python3.10/site-packages/process/process_node.py to process_node.cpython-310.pyc
byte-compiling /home/ljm/catkin_ws/install/process/lib/python3.10/site-packages/process/__init__.py to __init__.cpython-310.pyc
running install_data
creating /home/ljm/catkin_ws/install/process/share/ament_index
creating /home/ljm/catkin_ws/install/process/share/ament_index/resource_index
creating /home/ljm/catkin_ws/install/process/share/ament_index/resource_index/packages
copying resource/process -> /home/ljm/catkin_ws/install/process/share/ament_index/resource_index/packages
copying package.xml -> /home/ljm/catkin_ws/install/process/share/process
running install_egg_info
Copying ../../build/process/process.egg-info to /home/ljm/catkin_ws/install/process/lib/python3.10/site-packages/process-0.0.0-py3.10.egg-info
running install_scripts
Installing process_node script to /home/ljm/catkin_ws/install/process/lib/process
writing list of installed files to '/home/ljm/catkin_ws/build/process/install.log'
