[0.576s] Invoking command in '/home/ljm/catkin_ws/src/process': PYTHONPATH=/home/ljm/catkin_ws/build/process/prefix_override:/usr/lib/python3/dist-packages/colcon_core/task/python/colcon_distutils_commands:/home/ljm/catkin_ws/install/process/lib/python3.10/site-packages:${PYTHONPATH} /usr/bin/python3 -W ignore:setup.py install is deprecated -W ignore:easy_install command is deprecated setup.py egg_info --egg-base ../../build/process build --build-base /home/ljm/catkin_ws/build/process/build install --record /home/ljm/catkin_ws/build/process/install.log --single-version-externally-managed install_data
[0.786s] running egg_info
[0.787s] writing ../../build/process/process.egg-info/PKG-INFO
[0.788s] writing dependency_links to ../../build/process/process.egg-info/dependency_links.txt
[0.790s] writing entry points to ../../build/process/process.egg-info/entry_points.txt
[0.790s] writing requirements to ../../build/process/process.egg-info/requires.txt
[0.790s] writing top-level names to ../../build/process/process.egg-info/top_level.txt
[0.791s] reading manifest file '../../build/process/process.egg-info/SOURCES.txt'
[0.791s] adding license file 'LICENSE'
[0.792s] writing manifest file '../../build/process/process.egg-info/SOURCES.txt'
[0.792s] running build
[0.793s] running build_py
[0.793s] copying process/process_node.py -> /home/ljm/catkin_ws/build/process/build/lib/process
[0.793s] running install
[0.793s] running install_lib
[0.793s] copying /home/ljm/catkin_ws/build/process/build/lib/process/process_node.py -> /home/ljm/catkin_ws/install/process/lib/python3.10/site-packages/process
[0.794s] byte-compiling /home/ljm/catkin_ws/install/process/lib/python3.10/site-packages/process/process_node.py to process_node.cpython-310.pyc
[0.795s] running install_data
[0.797s] running install_egg_info
[0.799s] removing '/home/ljm/catkin_ws/install/process/lib/python3.10/site-packages/process-0.0.0-py3.10.egg-info' (and everything under it)
[0.801s] Copying ../../build/process/process.egg-info to /home/ljm/catkin_ws/install/process/lib/python3.10/site-packages/process-0.0.0-py3.10.egg-info
[0.801s] running install_scripts
[0.816s] Installing process_node script to /home/ljm/catkin_ws/install/process/lib/process
[0.816s] writing list of installed files to '/home/ljm/catkin_ws/build/process/install.log'
[0.839s] Invoked command in '/home/ljm/catkin_ws/src/process' returned '0': PYTHONPATH=/home/ljm/catkin_ws/build/process/prefix_override:/usr/lib/python3/dist-packages/colcon_core/task/python/colcon_distutils_commands:/home/ljm/catkin_ws/install/process/lib/python3.10/site-packages:${PYTHONPATH} /usr/bin/python3 -W ignore:setup.py install is deprecated -W ignore:easy_install command is deprecated setup.py egg_info --egg-base ../../build/process build --build-base /home/ljm/catkin_ws/build/process/build install --record /home/ljm/catkin_ws/build/process/install.log --single-version-externally-managed install_data
