[0.480s] Invoking command in '/home/ljm/catkin_ws/src/process': PYTHONPATH=/home/ljm/catkin_ws/build/process/prefix_override:/usr/lib/python3/dist-packages/colcon_core/task/python/colcon_distutils_commands:/home/ljm/catkin_ws/install/process/lib/python3.10/site-packages:${PYTHONPATH} /usr/bin/python3 -W ignore:setup.py install is deprecated -W ignore:easy_install command is deprecated setup.py egg_info --egg-base ../../build/process build --build-base /home/ljm/catkin_ws/build/process/build install --record /home/ljm/catkin_ws/build/process/install.log --single-version-externally-managed install_data
[0.642s] running egg_info
[0.643s] writing ../../build/process/process.egg-info/PKG-INFO
[0.643s] writing dependency_links to ../../build/process/process.egg-info/dependency_links.txt
[0.643s] writing entry points to ../../build/process/process.egg-info/entry_points.txt
[0.643s] writing requirements to ../../build/process/process.egg-info/requires.txt
[0.643s] writing top-level names to ../../build/process/process.egg-info/top_level.txt
[0.645s] reading manifest file '../../build/process/process.egg-info/SOURCES.txt'
[0.645s] adding license file 'LICENSE'
[0.646s] writing manifest file '../../build/process/process.egg-info/SOURCES.txt'
[0.646s] running build
[0.646s] running build_py
[0.646s] running install
[0.646s] running install_lib
[0.647s] running install_data
[0.647s] running install_egg_info
[0.649s] removing '/home/ljm/catkin_ws/install/process/lib/python3.10/site-packages/process-0.0.0-py3.10.egg-info' (and everything under it)
[0.649s] Copying ../../build/process/process.egg-info to /home/ljm/catkin_ws/install/process/lib/python3.10/site-packages/process-0.0.0-py3.10.egg-info
[0.649s] running install_scripts
[0.664s] Installing process_node script to /home/ljm/catkin_ws/install/process/lib/process
[0.664s] writing list of installed files to '/home/ljm/catkin_ws/build/process/install.log'
[0.679s] Invoked command in '/home/ljm/catkin_ws/src/process' returned '0': PYTHONPATH=/home/ljm/catkin_ws/build/process/prefix_override:/usr/lib/python3/dist-packages/colcon_core/task/python/colcon_distutils_commands:/home/ljm/catkin_ws/install/process/lib/python3.10/site-packages:${PYTHONPATH} /usr/bin/python3 -W ignore:setup.py install is deprecated -W ignore:easy_install command is deprecated setup.py egg_info --egg-base ../../build/process build --build-base /home/ljm/catkin_ws/build/process/build install --record /home/ljm/catkin_ws/build/process/install.log --single-version-externally-managed install_data
